{
  "/Users/lenny/Projects/lennypeters/src/app/manifest.ts": {
    "path": "/Users/lenny/Projects/lennypeters/src/app/manifest.ts",
    "all": true,
    "statementMap": {
      "0": { "start": { "line": 1, "column": 0 }, "end": { "line": 1, "column": 41 } },
      "1": { "start": { "line": 2, "column": 0 }, "end": { "line": 2, "column": 67 } },
      "2": { "start": { "line": 3, "column": 0 }, "end": { "line": 3, "column": 0 } },
      "3": { "start": { "line": 4, "column": 0 }, "end": { "line": 4, "column": 37 } },
      "4": { "start": { "line": 5, "column": 0 }, "end": { "line": 5, "column": 0 } },
      "5": { "start": { "line": 6, "column": 0 }, "end": { "line": 6, "column": 60 } },
      "6": { "start": { "line": 7, "column": 0 }, "end": { "line": 7, "column": 10 } },
      "7": { "start": { "line": 8, "column": 0 }, "end": { "line": 8, "column": 21 } },
      "8": { "start": { "line": 9, "column": 0 }, "end": { "line": 9, "column": 26 } },
      "9": { "start": { "line": 10, "column": 0 }, "end": { "line": 10, "column": 34 } },
      "10": { "start": { "line": 11, "column": 0 }, "end": { "line": 11, "column": 19 } },
      "11": { "start": { "line": 12, "column": 0 }, "end": { "line": 12, "column": 26 } },
      "12": { "start": { "line": 13, "column": 0 }, "end": { "line": 13, "column": 32 } },
      "13": { "start": { "line": 14, "column": 0 }, "end": { "line": 14, "column": 27 } },
      "14": { "start": { "line": 15, "column": 0 }, "end": { "line": 15, "column": 12 } },
      "15": { "start": { "line": 16, "column": 0 }, "end": { "line": 16, "column": 7 } },
      "16": { "start": { "line": 17, "column": 0 }, "end": { "line": 17, "column": 36 } },
      "17": { "start": { "line": 18, "column": 0 }, "end": { "line": 18, "column": 25 } },
      "18": { "start": { "line": 19, "column": 0 }, "end": { "line": 19, "column": 26 } },
      "19": { "start": { "line": 20, "column": 0 }, "end": { "line": 20, "column": 8 } },
      "20": { "start": { "line": 21, "column": 0 }, "end": { "line": 21, "column": 7 } },
      "21": { "start": { "line": 22, "column": 0 }, "end": { "line": 22, "column": 36 } },
      "22": { "start": { "line": 23, "column": 0 }, "end": { "line": 23, "column": 25 } },
      "23": { "start": { "line": 24, "column": 0 }, "end": { "line": 24, "column": 26 } },
      "24": { "start": { "line": 25, "column": 0 }, "end": { "line": 25, "column": 8 } },
      "25": { "start": { "line": 26, "column": 0 }, "end": { "line": 26, "column": 6 } },
      "26": { "start": { "line": 27, "column": 0 }, "end": { "line": 27, "column": 3 } },
      "27": { "start": { "line": 28, "column": 0 }, "end": { "line": 28, "column": 1 } }
    },
    "s": {
      "0": 0,
      "1": 0,
      "2": 0,
      "3": 0,
      "4": 0,
      "5": 0,
      "6": 0,
      "7": 0,
      "8": 0,
      "9": 0,
      "10": 0,
      "11": 0,
      "12": 0,
      "13": 0,
      "14": 0,
      "15": 0,
      "16": 0,
      "17": 0,
      "18": 0,
      "19": 0,
      "20": 0,
      "21": 0,
      "22": 0,
      "23": 0,
      "24": 0,
      "25": 0,
      "26": 0,
      "27": 0
    },
    "branchMap": {
      "0": {
        "type": "branch",
        "line": 1,
        "loc": { "start": { "line": 1, "column": 0 }, "end": { "line": 28, "column": 1 } },
        "locations": [{ "start": { "line": 1, "column": 0 }, "end": { "line": 28, "column": 1 } }]
      }
    },
    "b": { "0": [0] },
    "fnMap": {
      "0": {
        "name": "(empty-report)",
        "decl": { "start": { "line": 1, "column": 0 }, "end": { "line": 28, "column": 1 } },
        "loc": { "start": { "line": 1, "column": 0 }, "end": { "line": 28, "column": 1 } },
        "line": 1
      }
    },
    "f": { "0": 0 }
  },
  "/Users/lenny/Projects/lennypeters/src/app/page.tsx": {
    "path": "/Users/lenny/Projects/lennypeters/src/app/page.tsx",
    "all": false,
    "statementMap": {
      "0": { "start": { "line": 1, "column": 0 }, "end": { "line": 1, "column": 36 } },
      "1": { "start": { "line": 2, "column": 0 }, "end": { "line": 2, "column": 53 } },
      "2": { "start": { "line": 3, "column": 0 }, "end": { "line": 3, "column": 53 } },
      "3": { "start": { "line": 4, "column": 0 }, "end": { "line": 4, "column": 55 } },
      "4": { "start": { "line": 5, "column": 0 }, "end": { "line": 5, "column": 53 } },
      "5": { "start": { "line": 6, "column": 0 }, "end": { "line": 6, "column": 51 } },
      "6": { "start": { "line": 7, "column": 0 }, "end": { "line": 7, "column": 0 } },
      "7": { "start": { "line": 8, "column": 0 }, "end": { "line": 8, "column": 35 } },
      "8": { "start": { "line": 9, "column": 0 }, "end": { "line": 9, "column": 54 } },
      "9": { "start": { "line": 10, "column": 0 }, "end": { "line": 10, "column": 14 } },
      "10": { "start": { "line": 11, "column": 0 }, "end": { "line": 11, "column": 118 } },
      "11": { "start": { "line": 12, "column": 0 }, "end": { "line": 12, "column": 15 } },
      "12": { "start": { "line": 13, "column": 0 }, "end": { "line": 13, "column": 19 } },
      "13": { "start": { "line": 14, "column": 0 }, "end": { "line": 14, "column": 4 } },
      "14": { "start": { "line": 15, "column": 0 }, "end": { "line": 15, "column": 14 } },
      "15": { "start": { "line": 16, "column": 0 }, "end": { "line": 16, "column": 20 } },
      "16": { "start": { "line": 17, "column": 0 }, "end": { "line": 17, "column": 13 } },
      "17": { "start": { "line": 18, "column": 0 }, "end": { "line": 18, "column": 56 } },
      "18": { "start": { "line": 19, "column": 0 }, "end": { "line": 19, "column": 16 } },
      "19": { "start": { "line": 20, "column": 0 }, "end": { "line": 20, "column": 120 } },
      "20": { "start": { "line": 21, "column": 0 }, "end": { "line": 21, "column": 4 } },
      "21": { "start": { "line": 22, "column": 0 }, "end": { "line": 22, "column": 12 } },
      "22": { "start": { "line": 23, "column": 0 }, "end": { "line": 23, "column": 32 } },
      "23": { "start": { "line": 24, "column": 0 }, "end": { "line": 24, "column": 56 } },
      "24": { "start": { "line": 25, "column": 0 }, "end": { "line": 25, "column": 16 } },
      "25": { "start": { "line": 26, "column": 0 }, "end": { "line": 26, "column": 120 } },
      "26": { "start": { "line": 27, "column": 0 }, "end": { "line": 27, "column": 4 } },
      "27": { "start": { "line": 28, "column": 0 }, "end": { "line": 28, "column": 1 } },
      "28": { "start": { "line": 29, "column": 0 }, "end": { "line": 29, "column": 0 } },
      "29": { "start": { "line": 30, "column": 0 }, "end": { "line": 30, "column": 20 } },
      "30": { "start": { "line": 31, "column": 0 }, "end": { "line": 31, "column": 39 } },
      "31": { "start": { "line": 32, "column": 0 }, "end": { "line": 32, "column": 0 } },
      "32": { "start": { "line": 33, "column": 0 }, "end": { "line": 33, "column": 10 } },
      "33": { "start": { "line": 34, "column": 0 }, "end": { "line": 34, "column": 6 } },
      "34": { "start": { "line": 35, "column": 0 }, "end": { "line": 35, "column": 22 } },
      "35": { "start": { "line": 36, "column": 0 }, "end": { "line": 36, "column": 42 } },
      "36": { "start": { "line": 37, "column": 0 }, "end": { "line": 37, "column": 23 } },
      "37": { "start": { "line": 38, "column": 0 }, "end": { "line": 38, "column": 22 } },
      "38": { "start": { "line": 39, "column": 0 }, "end": { "line": 39, "column": 7 } },
      "39": { "start": { "line": 40, "column": 0 }, "end": { "line": 40, "column": 3 } },
      "40": { "start": { "line": 41, "column": 0 }, "end": { "line": 41, "column": 1 } },
      "41": { "start": { "line": 42, "column": 0 }, "end": { "line": 42, "column": 0 } },
      "42": { "start": { "line": 43, "column": 0 }, "end": { "line": 43, "column": 19 } }
    },
    "s": {
      "0": 1,
      "1": 1,
      "2": 1,
      "3": 1,
      "4": 1,
      "5": 1,
      "6": 1,
      "7": 1,
      "8": 1,
      "9": 1,
      "10": 1,
      "11": 1,
      "12": 1,
      "13": 1,
      "14": 1,
      "15": 1,
      "16": 1,
      "17": 1,
      "18": 1,
      "19": 1,
      "20": 1,
      "21": 1,
      "22": 1,
      "23": 1,
      "24": 1,
      "25": 1,
      "26": 1,
      "27": 1,
      "28": 1,
      "29": 1,
      "30": 7,
      "31": 7,
      "32": 7,
      "33": 7,
      "34": 7,
      "35": 7,
      "36": 7,
      "37": 7,
      "38": 7,
      "39": 7,
      "40": 7,
      "41": 1,
      "42": 1
    },
    "branchMap": {
      "0": {
        "type": "branch",
        "line": 30,
        "loc": { "start": { "line": 30, "column": 13 }, "end": { "line": 41, "column": 1 } },
        "locations": [{ "start": { "line": 30, "column": 13 }, "end": { "line": 41, "column": 1 } }]
      }
    },
    "b": { "0": [7] },
    "fnMap": {
      "0": {
        "name": "Home",
        "decl": { "start": { "line": 30, "column": 13 }, "end": { "line": 41, "column": 1 } },
        "loc": { "start": { "line": 30, "column": 13 }, "end": { "line": 41, "column": 1 } },
        "line": 30
      }
    },
    "f": { "0": 7 }
  },
  "/Users/lenny/Projects/lennypeters/src/app/robots.ts": {
    "path": "/Users/lenny/Projects/lennypeters/src/app/robots.ts",
    "all": true,
    "statementMap": {
      "0": { "start": { "line": 1, "column": 0 }, "end": { "line": 1, "column": 41 } },
      "1": { "start": { "line": 2, "column": 0 }, "end": { "line": 2, "column": 36 } },
      "2": { "start": { "line": 3, "column": 0 }, "end": { "line": 3, "column": 0 } },
      "3": { "start": { "line": 4, "column": 0 }, "end": { "line": 4, "column": 37 } },
      "4": { "start": { "line": 5, "column": 0 }, "end": { "line": 5, "column": 0 } },
      "5": { "start": { "line": 6, "column": 0 }, "end": { "line": 6, "column": 56 } },
      "6": { "start": { "line": 7, "column": 0 }, "end": { "line": 7, "column": 10 } },
      "7": { "start": { "line": 8, "column": 0 }, "end": { "line": 8, "column": 12 } },
      "8": { "start": { "line": 9, "column": 0 }, "end": { "line": 9, "column": 21 } },
      "9": { "start": { "line": 10, "column": 0 }, "end": { "line": 10, "column": 17 } },
      "10": { "start": { "line": 11, "column": 0 }, "end": { "line": 11, "column": 6 } },
      "11": { "start": { "line": 12, "column": 0 }, "end": { "line": 12, "column": 39 } },
      "12": { "start": { "line": 13, "column": 0 }, "end": { "line": 13, "column": 19 } },
      "13": { "start": { "line": 14, "column": 0 }, "end": { "line": 14, "column": 3 } },
      "14": { "start": { "line": 15, "column": 0 }, "end": { "line": 15, "column": 1 } }
    },
    "s": {
      "0": 0,
      "1": 0,
      "2": 0,
      "3": 0,
      "4": 0,
      "5": 0,
      "6": 0,
      "7": 0,
      "8": 0,
      "9": 0,
      "10": 0,
      "11": 0,
      "12": 0,
      "13": 0,
      "14": 0
    },
    "branchMap": {
      "0": {
        "type": "branch",
        "line": 1,
        "loc": { "start": { "line": 1, "column": 0 }, "end": { "line": 15, "column": 1 } },
        "locations": [{ "start": { "line": 1, "column": 0 }, "end": { "line": 15, "column": 1 } }]
      }
    },
    "b": { "0": [0] },
    "fnMap": {
      "0": {
        "name": "(empty-report)",
        "decl": { "start": { "line": 1, "column": 0 }, "end": { "line": 15, "column": 1 } },
        "loc": { "start": { "line": 1, "column": 0 }, "end": { "line": 15, "column": 1 } },
        "line": 1
      }
    },
    "f": { "0": 0 }
  },
  "/Users/lenny/Projects/lennypeters/src/app/sitemap.ts": {
    "path": "/Users/lenny/Projects/lennypeters/src/app/sitemap.ts",
    "all": true,
    "statementMap": {
      "0": { "start": { "line": 1, "column": 0 }, "end": { "line": 1, "column": 41 } },
      "1": { "start": { "line": 2, "column": 0 }, "end": { "line": 2, "column": 51 } },
      "2": { "start": { "line": 3, "column": 0 }, "end": { "line": 3, "column": 41 } },
      "3": { "start": { "line": 4, "column": 0 }, "end": { "line": 4, "column": 0 } },
      "4": { "start": { "line": 5, "column": 0 }, "end": { "line": 5, "column": 37 } },
      "5": { "start": { "line": 6, "column": 0 }, "end": { "line": 6, "column": 0 } },
      "6": { "start": { "line": 7, "column": 0 }, "end": { "line": 7, "column": 58 } },
      "7": { "start": { "line": 8, "column": 0 }, "end": { "line": 8, "column": 47 } },
      "8": { "start": { "line": 9, "column": 0 }, "end": { "line": 9, "column": 5 } },
      "9": { "start": { "line": 10, "column": 0 }, "end": { "line": 10, "column": 30 } },
      "10": { "start": { "line": 11, "column": 0 }, "end": { "line": 11, "column": 31 } },
      "11": { "start": { "line": 12, "column": 0 }, "end": { "line": 12, "column": 32 } },
      "12": { "start": { "line": 13, "column": 0 }, "end": { "line": 13, "column": 18 } },
      "13": { "start": { "line": 14, "column": 0 }, "end": { "line": 14, "column": 6 } },
      "14": { "start": { "line": 15, "column": 0 }, "end": { "line": 15, "column": 5 } },
      "15": { "start": { "line": 16, "column": 0 }, "end": { "line": 16, "column": 36 } },
      "16": { "start": { "line": 17, "column": 0 }, "end": { "line": 17, "column": 31 } },
      "17": { "start": { "line": 18, "column": 0 }, "end": { "line": 18, "column": 33 } },
      "18": { "start": { "line": 19, "column": 0 }, "end": { "line": 19, "column": 20 } },
      "19": { "start": { "line": 20, "column": 0 }, "end": { "line": 20, "column": 6 } },
      "20": { "start": { "line": 21, "column": 0 }, "end": { "line": 21, "column": 5 } },
      "21": { "start": { "line": 22, "column": 0 }, "end": { "line": 22, "column": 35 } },
      "22": { "start": { "line": 23, "column": 0 }, "end": { "line": 23, "column": 31 } },
      "23": { "start": { "line": 24, "column": 0 }, "end": { "line": 24, "column": 33 } },
      "24": { "start": { "line": 25, "column": 0 }, "end": { "line": 25, "column": 20 } },
      "25": { "start": { "line": 26, "column": 0 }, "end": { "line": 26, "column": 6 } },
      "26": { "start": { "line": 27, "column": 0 }, "end": { "line": 27, "column": 5 } },
      "27": { "start": { "line": 28, "column": 0 }, "end": { "line": 28, "column": 39 } },
      "28": { "start": { "line": 29, "column": 0 }, "end": { "line": 29, "column": 31 } },
      "29": { "start": { "line": 30, "column": 0 }, "end": { "line": 30, "column": 32 } },
      "30": { "start": { "line": 31, "column": 0 }, "end": { "line": 31, "column": 20 } },
      "31": { "start": { "line": 32, "column": 0 }, "end": { "line": 32, "column": 6 } },
      "32": { "start": { "line": 33, "column": 0 }, "end": { "line": 33, "column": 3 } },
      "33": { "start": { "line": 34, "column": 0 }, "end": { "line": 34, "column": 0 } },
      "34": { "start": { "line": 35, "column": 0 }, "end": { "line": 35, "column": 85 } },
      "35": { "start": { "line": 36, "column": 0 }, "end": { "line": 36, "column": 53 } },
      "36": { "start": { "line": 37, "column": 0 }, "end": { "line": 37, "column": 41 } },
      "37": { "start": { "line": 38, "column": 0 }, "end": { "line": 38, "column": 31 } },
      "38": { "start": { "line": 39, "column": 0 }, "end": { "line": 39, "column": 18 } },
      "39": { "start": { "line": 40, "column": 0 }, "end": { "line": 40, "column": 5 } },
      "40": { "start": { "line": 41, "column": 0 }, "end": { "line": 41, "column": 0 } },
      "41": { "start": { "line": 42, "column": 0 }, "end": { "line": 42, "column": 44 } },
      "42": { "start": { "line": 43, "column": 0 }, "end": { "line": 43, "column": 1 } }
    },
    "s": {
      "0": 0,
      "1": 0,
      "2": 0,
      "3": 0,
      "4": 0,
      "5": 0,
      "6": 0,
      "7": 0,
      "8": 0,
      "9": 0,
      "10": 0,
      "11": 0,
      "12": 0,
      "13": 0,
      "14": 0,
      "15": 0,
      "16": 0,
      "17": 0,
      "18": 0,
      "19": 0,
      "20": 0,
      "21": 0,
      "22": 0,
      "23": 0,
      "24": 0,
      "25": 0,
      "26": 0,
      "27": 0,
      "28": 0,
      "29": 0,
      "30": 0,
      "31": 0,
      "32": 0,
      "33": 0,
      "34": 0,
      "35": 0,
      "36": 0,
      "37": 0,
      "38": 0,
      "39": 0,
      "40": 0,
      "41": 0,
      "42": 0
    },
    "branchMap": {
      "0": {
        "type": "branch",
        "line": 1,
        "loc": { "start": { "line": 1, "column": 0 }, "end": { "line": 43, "column": 1 } },
        "locations": [{ "start": { "line": 1, "column": 0 }, "end": { "line": 43, "column": 1 } }]
      }
    },
    "b": { "0": [0] },
    "fnMap": {
      "0": {
        "name": "(empty-report)",
        "decl": { "start": { "line": 1, "column": 0 }, "end": { "line": 43, "column": 1 } },
        "loc": { "start": { "line": 1, "column": 0 }, "end": { "line": 43, "column": 1 } },
        "line": 1
      }
    },
    "f": { "0": 0 }
  },
  "/Users/lenny/Projects/lennypeters/src/app/about/page.tsx": {
    "path": "/Users/lenny/Projects/lennypeters/src/app/about/page.tsx",
    "all": false,
    "statementMap": {
      "0": { "start": { "line": 1, "column": 0 }, "end": { "line": 1, "column": 36 } },
      "1": { "start": { "line": 2, "column": 0 }, "end": { "line": 2, "column": 49 } },
      "2": { "start": { "line": 3, "column": 0 }, "end": { "line": 3, "column": 56 } },
      "3": { "start": { "line": 4, "column": 0 }, "end": { "line": 4, "column": 65 } },
      "4": { "start": { "line": 5, "column": 0 }, "end": { "line": 5, "column": 57 } },
      "5": { "start": { "line": 6, "column": 0 }, "end": { "line": 6, "column": 40 } },
      "6": { "start": { "line": 7, "column": 0 }, "end": { "line": 7, "column": 0 } },
      "7": { "start": { "line": 8, "column": 0 }, "end": { "line": 8, "column": 35 } },
      "8": { "start": { "line": 9, "column": 0 }, "end": { "line": 9, "column": 32 } },
      "9": { "start": { "line": 10, "column": 0 }, "end": { "line": 10, "column": 14 } },
      "10": { "start": { "line": 11, "column": 0 }, "end": { "line": 11, "column": 126 } },
      "11": { "start": { "line": 12, "column": 0 }, "end": { "line": 12, "column": 15 } },
      "12": { "start": { "line": 13, "column": 0 }, "end": { "line": 13, "column": 25 } },
      "13": { "start": { "line": 14, "column": 0 }, "end": { "line": 14, "column": 4 } },
      "14": { "start": { "line": 15, "column": 0 }, "end": { "line": 15, "column": 14 } },
      "15": { "start": { "line": 16, "column": 0 }, "end": { "line": 16, "column": 20 } },
      "16": { "start": { "line": 17, "column": 0 }, "end": { "line": 17, "column": 19 } },
      "17": { "start": { "line": 18, "column": 0 }, "end": { "line": 18, "column": 34 } },
      "18": { "start": { "line": 19, "column": 0 }, "end": { "line": 19, "column": 16 } },
      "19": { "start": { "line": 20, "column": 0 }, "end": { "line": 20, "column": 128 } },
      "20": { "start": { "line": 21, "column": 0 }, "end": { "line": 21, "column": 4 } },
      "21": { "start": { "line": 22, "column": 0 }, "end": { "line": 22, "column": 12 } },
      "22": { "start": { "line": 23, "column": 0 }, "end": { "line": 23, "column": 32 } },
      "23": { "start": { "line": 24, "column": 0 }, "end": { "line": 24, "column": 34 } },
      "24": { "start": { "line": 25, "column": 0 }, "end": { "line": 25, "column": 16 } },
      "25": { "start": { "line": 26, "column": 0 }, "end": { "line": 26, "column": 128 } },
      "26": { "start": { "line": 27, "column": 0 }, "end": { "line": 27, "column": 4 } },
      "27": { "start": { "line": 28, "column": 0 }, "end": { "line": 28, "column": 1 } },
      "28": { "start": { "line": 29, "column": 0 }, "end": { "line": 29, "column": 0 } },
      "29": { "start": { "line": 30, "column": 0 }, "end": { "line": 30, "column": 25 } },
      "30": { "start": { "line": 31, "column": 0 }, "end": { "line": 31, "column": 10 } },
      "31": { "start": { "line": 32, "column": 0 }, "end": { "line": 32, "column": 33 } },
      "32": { "start": { "line": 33, "column": 0 }, "end": { "line": 33, "column": 41 } },
      "33": { "start": { "line": 34, "column": 0 }, "end": { "line": 34, "column": 47 } },
      "34": { "start": { "line": 35, "column": 0 }, "end": { "line": 35, "column": 56 } },
      "35": { "start": { "line": 36, "column": 0 }, "end": { "line": 36, "column": 18 } },
      "36": { "start": { "line": 37, "column": 0 }, "end": { "line": 37, "column": 13 } },
      "37": { "start": { "line": 38, "column": 0 }, "end": { "line": 38, "column": 34 } },
      "38": { "start": { "line": 39, "column": 0 }, "end": { "line": 39, "column": 100 } },
      "39": { "start": { "line": 40, "column": 0 }, "end": { "line": 40, "column": 12 } },
      "40": { "start": { "line": 41, "column": 0 }, "end": { "line": 41, "column": 12 } },
      "41": { "start": { "line": 42, "column": 0 }, "end": { "line": 42, "column": 0 } },
      "42": { "start": { "line": 43, "column": 0 }, "end": { "line": 43, "column": 70 } },
      "43": { "start": { "line": 44, "column": 0 }, "end": { "line": 44, "column": 43 } },
      "44": { "start": { "line": 45, "column": 0 }, "end": { "line": 45, "column": 13 } },
      "45": { "start": { "line": 46, "column": 0 }, "end": { "line": 46, "column": 94 } },
      "46": { "start": { "line": 47, "column": 0 }, "end": { "line": 47, "column": 100 } },
      "47": { "start": { "line": 48, "column": 0 }, "end": { "line": 48, "column": 97 } },
      "48": { "start": { "line": 49, "column": 0 }, "end": { "line": 49, "column": 95 } },
      "49": { "start": { "line": 50, "column": 0 }, "end": { "line": 50, "column": 99 } },
      "50": { "start": { "line": 51, "column": 0 }, "end": { "line": 51, "column": 97 } },
      "51": { "start": { "line": 52, "column": 0 }, "end": { "line": 52, "column": 45 } },
      "52": { "start": { "line": 53, "column": 0 }, "end": { "line": 53, "column": 14 } },
      "53": { "start": { "line": 54, "column": 0 }, "end": { "line": 54, "column": 13 } },
      "54": { "start": { "line": 55, "column": 0 }, "end": { "line": 55, "column": 95 } },
      "55": { "start": { "line": 56, "column": 0 }, "end": { "line": 56, "column": 96 } },
      "56": { "start": { "line": 57, "column": 0 }, "end": { "line": 57, "column": 100 } },
      "57": { "start": { "line": 58, "column": 0 }, "end": { "line": 58, "column": 60 } },
      "58": { "start": { "line": 59, "column": 0 }, "end": { "line": 59, "column": 14 } },
      "59": { "start": { "line": 60, "column": 0 }, "end": { "line": 60, "column": 14 } },
      "60": { "start": { "line": 61, "column": 0 }, "end": { "line": 61, "column": 16 } },
      "61": { "start": { "line": 62, "column": 0 }, "end": { "line": 62, "column": 0 } },
      "62": { "start": { "line": 63, "column": 0 }, "end": { "line": 63, "column": 20 } },
      "63": { "start": { "line": 64, "column": 0 }, "end": { "line": 64, "column": 0 } },
      "64": { "start": { "line": 65, "column": 0 }, "end": { "line": 65, "column": 24 } },
      "65": { "start": { "line": 66, "column": 0 }, "end": { "line": 66, "column": 0 } },
      "66": { "start": { "line": 67, "column": 0 }, "end": { "line": 67, "column": 28 } },
      "67": { "start": { "line": 68, "column": 0 }, "end": { "line": 68, "column": 0 } },
      "68": { "start": { "line": 69, "column": 0 }, "end": { "line": 69, "column": 24 } },
      "69": { "start": { "line": 70, "column": 0 }, "end": { "line": 70, "column": 10 } },
      "70": { "start": { "line": 71, "column": 0 }, "end": { "line": 71, "column": 3 } },
      "71": { "start": { "line": 72, "column": 0 }, "end": { "line": 72, "column": 1 } },
      "72": { "start": { "line": 73, "column": 0 }, "end": { "line": 73, "column": 0 } },
      "73": { "start": { "line": 74, "column": 0 }, "end": { "line": 74, "column": 24 } }
    },
    "s": {
      "0": 1,
      "1": 1,
      "2": 1,
      "3": 1,
      "4": 1,
      "5": 1,
      "6": 1,
      "7": 1,
      "8": 1,
      "9": 1,
      "10": 1,
      "11": 1,
      "12": 1,
      "13": 1,
      "14": 1,
      "15": 1,
      "16": 1,
      "17": 1,
      "18": 1,
      "19": 1,
      "20": 1,
      "21": 1,
      "22": 1,
      "23": 1,
      "24": 1,
      "25": 1,
      "26": 1,
      "27": 1,
      "28": 1,
      "29": 1,
      "30": 5,
      "31": 5,
      "32": 5,
      "33": 5,
      "34": 5,
      "35": 5,
      "36": 5,
      "37": 5,
      "38": 5,
      "39": 5,
      "40": 5,
      "41": 5,
      "42": 5,
      "43": 5,
      "44": 5,
      "45": 5,
      "46": 5,
      "47": 5,
      "48": 5,
      "49": 5,
      "50": 5,
      "51": 5,
      "52": 5,
      "53": 5,
      "54": 5,
      "55": 5,
      "56": 5,
      "57": 5,
      "58": 5,
      "59": 5,
      "60": 5,
      "61": 5,
      "62": 5,
      "63": 5,
      "64": 5,
      "65": 5,
      "66": 5,
      "67": 5,
      "68": 5,
      "69": 5,
      "70": 5,
      "71": 5,
      "72": 1,
      "73": 1
    },
    "branchMap": {
      "0": {
        "type": "branch",
        "line": 30,
        "loc": { "start": { "line": 30, "column": 18 }, "end": { "line": 72, "column": 1 } },
        "locations": [{ "start": { "line": 30, "column": 18 }, "end": { "line": 72, "column": 1 } }]
      }
    },
    "b": { "0": [5] },
    "fnMap": {
      "0": {
        "name": "AboutPage",
        "decl": { "start": { "line": 30, "column": 18 }, "end": { "line": 72, "column": 1 } },
        "loc": { "start": { "line": 30, "column": 18 }, "end": { "line": 72, "column": 1 } },
        "line": 30
      }
    },
    "f": { "0": 5 }
  },
  "/Users/lenny/Projects/lennypeters/src/app/articles/page.tsx": {
    "path": "/Users/lenny/Projects/lennypeters/src/app/articles/page.tsx",
    "all": false,
    "statementMap": {
      "0": { "start": { "line": 1, "column": 0 }, "end": { "line": 1, "column": 36 } },
      "1": { "start": { "line": 2, "column": 0 }, "end": { "line": 2, "column": 51 } },
      "2": { "start": { "line": 3, "column": 0 }, "end": { "line": 3, "column": 51 } },
      "3": { "start": { "line": 4, "column": 0 }, "end": { "line": 4, "column": 43 } },
      "4": { "start": { "line": 5, "column": 0 }, "end": { "line": 5, "column": 0 } },
      "5": { "start": { "line": 6, "column": 0 }, "end": { "line": 6, "column": 35 } },
      "6": { "start": { "line": 7, "column": 0 }, "end": { "line": 7, "column": 35 } },
      "7": { "start": { "line": 8, "column": 0 }, "end": { "line": 8, "column": 14 } },
      "8": { "start": { "line": 9, "column": 0 }, "end": { "line": 9, "column": 97 } },
      "9": { "start": { "line": 10, "column": 0 }, "end": { "line": 10, "column": 15 } },
      "10": { "start": { "line": 11, "column": 0 }, "end": { "line": 11, "column": 28 } },
      "11": { "start": { "line": 12, "column": 0 }, "end": { "line": 12, "column": 4 } },
      "12": { "start": { "line": 13, "column": 0 }, "end": { "line": 13, "column": 14 } },
      "13": { "start": { "line": 14, "column": 0 }, "end": { "line": 14, "column": 20 } },
      "14": { "start": { "line": 15, "column": 0 }, "end": { "line": 15, "column": 22 } },
      "15": { "start": { "line": 16, "column": 0 }, "end": { "line": 16, "column": 37 } },
      "16": { "start": { "line": 17, "column": 0 }, "end": { "line": 17, "column": 16 } },
      "17": { "start": { "line": 18, "column": 0 }, "end": { "line": 18, "column": 99 } },
      "18": { "start": { "line": 19, "column": 0 }, "end": { "line": 19, "column": 4 } },
      "19": { "start": { "line": 20, "column": 0 }, "end": { "line": 20, "column": 12 } },
      "20": { "start": { "line": 21, "column": 0 }, "end": { "line": 21, "column": 32 } },
      "21": { "start": { "line": 22, "column": 0 }, "end": { "line": 22, "column": 37 } },
      "22": { "start": { "line": 23, "column": 0 }, "end": { "line": 23, "column": 16 } },
      "23": { "start": { "line": 24, "column": 0 }, "end": { "line": 24, "column": 99 } },
      "24": { "start": { "line": 25, "column": 0 }, "end": { "line": 25, "column": 4 } },
      "25": { "start": { "line": 26, "column": 0 }, "end": { "line": 26, "column": 1 } },
      "26": { "start": { "line": 27, "column": 0 }, "end": { "line": 27, "column": 0 } },
      "27": { "start": { "line": 28, "column": 0 }, "end": { "line": 28, "column": 28 } },
      "28": { "start": { "line": 29, "column": 0 }, "end": { "line": 29, "column": 39 } },
      "29": { "start": { "line": 30, "column": 0 }, "end": { "line": 30, "column": 0 } },
      "30": { "start": { "line": 31, "column": 0 }, "end": { "line": 31, "column": 10 } },
      "31": { "start": { "line": 32, "column": 0 }, "end": { "line": 32, "column": 33 } },
      "32": { "start": { "line": 33, "column": 0 }, "end": { "line": 33, "column": 41 } },
      "33": { "start": { "line": 34, "column": 0 }, "end": { "line": 34, "column": 48 } },
      "34": { "start": { "line": 35, "column": 0 }, "end": { "line": 35, "column": 49 } },
      "35": { "start": { "line": 36, "column": 0 }, "end": { "line": 36, "column": 34 } },
      "36": { "start": { "line": 37, "column": 0 }, "end": { "line": 37, "column": 94 } },
      "37": { "start": { "line": 38, "column": 0 }, "end": { "line": 38, "column": 12 } },
      "38": { "start": { "line": 39, "column": 0 }, "end": { "line": 39, "column": 12 } },
      "39": { "start": { "line": 40, "column": 0 }, "end": { "line": 40, "column": 35 } },
      "40": { "start": { "line": 41, "column": 0 }, "end": { "line": 41, "column": 34 } },
      "41": { "start": { "line": 42, "column": 0 }, "end": { "line": 42, "column": 62 } },
      "42": { "start": { "line": 43, "column": 0 }, "end": { "line": 43, "column": 11 } },
      "43": { "start": { "line": 44, "column": 0 }, "end": { "line": 44, "column": 12 } },
      "44": { "start": { "line": 45, "column": 0 }, "end": { "line": 45, "column": 10 } },
      "45": { "start": { "line": 46, "column": 0 }, "end": { "line": 46, "column": 3 } },
      "46": { "start": { "line": 47, "column": 0 }, "end": { "line": 47, "column": 1 } },
      "47": { "start": { "line": 48, "column": 0 }, "end": { "line": 48, "column": 0 } },
      "48": { "start": { "line": 49, "column": 0 }, "end": { "line": 49, "column": 27 } }
    },
    "s": {
      "0": 1,
      "1": 1,
      "2": 1,
      "3": 1,
      "4": 1,
      "5": 1,
      "6": 1,
      "7": 1,
      "8": 1,
      "9": 1,
      "10": 1,
      "11": 1,
      "12": 1,
      "13": 1,
      "14": 1,
      "15": 1,
      "16": 1,
      "17": 1,
      "18": 1,
      "19": 1,
      "20": 1,
      "21": 1,
      "22": 1,
      "23": 1,
      "24": 1,
      "25": 1,
      "26": 1,
      "27": 1,
      "28": 5,
      "29": 5,
      "30": 5,
      "31": 5,
      "32": 5,
      "33": 5,
      "34": 5,
      "35": 5,
      "36": 5,
      "37": 5,
      "38": 5,
      "39": 5,
      "40": 5,
      "41": 5,
      "42": 5,
      "43": 5,
      "44": 5,
      "45": 5,
      "46": 5,
      "47": 1,
      "48": 1
    },
    "branchMap": {
      "0": {
        "type": "branch",
        "line": 28,
        "loc": { "start": { "line": 28, "column": 21 }, "end": { "line": 47, "column": 1 } },
        "locations": [{ "start": { "line": 28, "column": 21 }, "end": { "line": 47, "column": 1 } }]
      },
      "1": {
        "type": "branch",
        "line": 41,
        "loc": { "start": { "line": 41, "column": 22 }, "end": { "line": 42, "column": 42 } },
        "locations": [
          { "start": { "line": 41, "column": 22 }, "end": { "line": 42, "column": 42 } }
        ]
      }
    },
    "b": { "0": [5], "1": [4] },
    "fnMap": {
      "0": {
        "name": "ArticlesPage",
        "decl": { "start": { "line": 28, "column": 21 }, "end": { "line": 47, "column": 1 } },
        "loc": { "start": { "line": 28, "column": 21 }, "end": { "line": 47, "column": 1 } },
        "line": 28
      }
    },
    "f": { "0": 5 }
  },
  "/Users/lenny/Projects/lennypeters/src/app/articles/[slug]/error.tsx": {
    "path": "/Users/lenny/Projects/lennypeters/src/app/articles/[slug]/error.tsx",
    "all": true,
    "statementMap": {
      "0": { "start": { "line": 1, "column": 0 }, "end": { "line": 1, "column": 12 } },
      "1": { "start": { "line": 2, "column": 0 }, "end": { "line": 2, "column": 0 } },
      "2": { "start": { "line": 3, "column": 0 }, "end": { "line": 3, "column": 33 } },
      "3": { "start": { "line": 4, "column": 0 }, "end": { "line": 4, "column": 42 } },
      "4": { "start": { "line": 5, "column": 0 }, "end": { "line": 5, "column": 0 } },
      "5": { "start": { "line": 6, "column": 0 }, "end": { "line": 6, "column": 22 } },
      "6": { "start": { "line": 7, "column": 0 }, "end": { "line": 7, "column": 36 } },
      "7": { "start": { "line": 8, "column": 0 }, "end": { "line": 8, "column": 19 } },
      "8": { "start": { "line": 9, "column": 0 }, "end": { "line": 9, "column": 1 } },
      "9": { "start": { "line": 10, "column": 0 }, "end": { "line": 10, "column": 0 } },
      "10": { "start": { "line": 11, "column": 0 }, "end": { "line": 11, "column": 68 } },
      "11": { "start": { "line": 12, "column": 0 }, "end": { "line": 12, "column": 19 } },
      "12": { "start": { "line": 13, "column": 0 }, "end": { "line": 13, "column": 42 } },
      "13": { "start": { "line": 14, "column": 0 }, "end": { "line": 14, "column": 56 } },
      "14": { "start": { "line": 15, "column": 0 }, "end": { "line": 15, "column": 13 } },
      "15": { "start": { "line": 16, "column": 0 }, "end": { "line": 16, "column": 0 } },
      "16": { "start": { "line": 17, "column": 0 }, "end": { "line": 17, "column": 85 } },
      "17": { "start": { "line": 18, "column": 0 }, "end": { "line": 18, "column": 52 } },
      "18": { "start": { "line": 19, "column": 0 }, "end": { "line": 19, "column": 43 } },
      "19": { "start": { "line": 20, "column": 0 }, "end": { "line": 20, "column": 14 } },
      "20": { "start": { "line": 21, "column": 0 }, "end": { "line": 21, "column": 3 } },
      "21": { "start": { "line": 22, "column": 0 }, "end": { "line": 22, "column": 0 } },
      "22": { "start": { "line": 23, "column": 0 }, "end": { "line": 23, "column": 59 } },
      "23": { "start": { "line": 24, "column": 0 }, "end": { "line": 24, "column": 10 } },
      "24": { "start": { "line": 25, "column": 0 }, "end": { "line": 25, "column": 83 } },
      "25": { "start": { "line": 26, "column": 0 }, "end": { "line": 26, "column": 35 } },
      "26": { "start": { "line": 27, "column": 0 }, "end": { "line": 27, "column": 54 } },
      "27": { "start": { "line": 28, "column": 0 }, "end": { "line": 28, "column": 13 } },
      "28": { "start": { "line": 29, "column": 0 }, "end": { "line": 29, "column": 31 } },
      "29": { "start": { "line": 30, "column": 0 }, "end": { "line": 30, "column": 16 } },
      "30": { "start": { "line": 31, "column": 0 }, "end": { "line": 31, "column": 33 } },
      "31": { "start": { "line": 32, "column": 0 }, "end": { "line": 32, "column": 28 } },
      "32": { "start": { "line": 33, "column": 0 }, "end": { "line": 33, "column": 37 } },
      "33": { "start": { "line": 34, "column": 0 }, "end": { "line": 34, "column": 35 } },
      "34": { "start": { "line": 35, "column": 0 }, "end": { "line": 35, "column": 30 } },
      "35": { "start": { "line": 36, "column": 0 }, "end": { "line": 36, "column": 10 } },
      "36": { "start": { "line": 37, "column": 0 }, "end": { "line": 37, "column": 7 } },
      "37": { "start": { "line": 38, "column": 0 }, "end": { "line": 38, "column": 17 } },
      "38": { "start": { "line": 39, "column": 0 }, "end": { "line": 39, "column": 15 } },
      "39": { "start": { "line": 40, "column": 0 }, "end": { "line": 40, "column": 10 } },
      "40": { "start": { "line": 41, "column": 0 }, "end": { "line": 41, "column": 3 } },
      "41": { "start": { "line": 42, "column": 0 }, "end": { "line": 42, "column": 1 } }
    },
    "s": {
      "0": 0,
      "1": 0,
      "2": 0,
      "3": 0,
      "4": 0,
      "5": 0,
      "6": 0,
      "7": 0,
      "8": 0,
      "9": 0,
      "10": 0,
      "11": 0,
      "12": 0,
      "13": 0,
      "14": 0,
      "15": 0,
      "16": 0,
      "17": 0,
      "18": 0,
      "19": 0,
      "20": 0,
      "21": 0,
      "22": 0,
      "23": 0,
      "24": 0,
      "25": 0,
      "26": 0,
      "27": 0,
      "28": 0,
      "29": 0,
      "30": 0,
      "31": 0,
      "32": 0,
      "33": 0,
      "34": 0,
      "35": 0,
      "36": 0,
      "37": 0,
      "38": 0,
      "39": 0,
      "40": 0,
      "41": 0
    },
    "branchMap": {
      "0": {
        "type": "branch",
        "line": 1,
        "loc": { "start": { "line": 1, "column": 0 }, "end": { "line": 42, "column": 1 } },
        "locations": [{ "start": { "line": 1, "column": 0 }, "end": { "line": 42, "column": 1 } }]
      }
    },
    "b": { "0": [0] },
    "fnMap": {
      "0": {
        "name": "(empty-report)",
        "decl": { "start": { "line": 1, "column": 0 }, "end": { "line": 42, "column": 1 } },
        "loc": { "start": { "line": 1, "column": 0 }, "end": { "line": 42, "column": 1 } },
        "line": 1
      }
    },
    "f": { "0": 0 }
  },
  "/Users/lenny/Projects/lennypeters/src/app/articles/[slug]/page.tsx": {
    "path": "/Users/lenny/Projects/lennypeters/src/app/articles/[slug]/page.tsx",
    "all": false,
    "statementMap": {
      "0": { "start": { "line": 1, "column": 0 }, "end": { "line": 1, "column": 42 } },
      "1": { "start": { "line": 2, "column": 0 }, "end": { "line": 2, "column": 36 } },
      "2": { "start": { "line": 3, "column": 0 }, "end": { "line": 3, "column": 30 } },
      "3": { "start": { "line": 4, "column": 0 }, "end": { "line": 4, "column": 69 } },
      "4": { "start": { "line": 5, "column": 0 }, "end": { "line": 5, "column": 50 } },
      "5": { "start": { "line": 6, "column": 0 }, "end": { "line": 6, "column": 42 } },
      "6": { "start": { "line": 7, "column": 0 }, "end": { "line": 7, "column": 0 } },
      "7": { "start": { "line": 8, "column": 0 }, "end": { "line": 8, "column": 17 } },
      "8": { "start": { "line": 9, "column": 0 }, "end": { "line": 9, "column": 35 } },
      "9": { "start": { "line": 10, "column": 0 }, "end": { "line": 10, "column": 1 } },
      "10": { "start": { "line": 11, "column": 0 }, "end": { "line": 11, "column": 0 } },
      "11": { "start": { "line": 12, "column": 0 }, "end": { "line": 12, "column": 46 } },
      "12": { "start": { "line": 13, "column": 0 }, "end": { "line": 13, "column": 58 } },
      "13": { "start": { "line": 14, "column": 0 }, "end": { "line": 14, "column": 1 } },
      "14": { "start": { "line": 15, "column": 0 }, "end": { "line": 15, "column": 0 } },
      "15": { "start": { "line": 16, "column": 0 }, "end": { "line": 16, "column": 78 } },
      "16": { "start": { "line": 17, "column": 0 }, "end": { "line": 17, "column": 31 } },
      "17": { "start": { "line": 18, "column": 0 }, "end": { "line": 18, "column": 46 } },
      "18": { "start": { "line": 19, "column": 0 }, "end": { "line": 19, "column": 25 } },
      "19": { "start": { "line": 20, "column": 0 }, "end": { "line": 20, "column": 0 } },
      "20": { "start": { "line": 21, "column": 0 }, "end": { "line": 21, "column": 44 } },
      "21": { "start": { "line": 22, "column": 0 }, "end": { "line": 22, "column": 0 } },
      "22": { "start": { "line": 23, "column": 0 }, "end": { "line": 23, "column": 10 } },
      "23": { "start": { "line": 24, "column": 0 }, "end": { "line": 24, "column": 50 } },
      "24": { "start": { "line": 25, "column": 0 }, "end": { "line": 25, "column": 38 } },
      "25": { "start": { "line": 26, "column": 0 }, "end": { "line": 26, "column": 32 } },
      "26": { "start": { "line": 27, "column": 0 }, "end": { "line": 27, "column": 17 } },
      "27": { "start": { "line": 28, "column": 0 }, "end": { "line": 28, "column": 31 } },
      "28": { "start": { "line": 29, "column": 0 }, "end": { "line": 29, "column": 6 } },
      "29": { "start": { "line": 30, "column": 0 }, "end": { "line": 30, "column": 16 } },
      "30": { "start": { "line": 31, "column": 0 }, "end": { "line": 31, "column": 22 } },
      "31": { "start": { "line": 32, "column": 0 }, "end": { "line": 32, "column": 25 } },
      "32": { "start": { "line": 33, "column": 0 }, "end": { "line": 33, "column": 32 } },
      "33": { "start": { "line": 34, "column": 0 }, "end": { "line": 34, "column": 40 } },
      "34": { "start": { "line": 35, "column": 0 }, "end": { "line": 35, "column": 35 } },
      "35": { "start": { "line": 36, "column": 0 }, "end": { "line": 36, "column": 39 } },
      "36": { "start": { "line": 37, "column": 0 }, "end": { "line": 37, "column": 30 } },
      "37": { "start": { "line": 38, "column": 0 }, "end": { "line": 38, "column": 32 } },
      "38": { "start": { "line": 39, "column": 0 }, "end": { "line": 39, "column": 6 } },
      "39": { "start": { "line": 40, "column": 0 }, "end": { "line": 40, "column": 14 } },
      "40": { "start": { "line": 41, "column": 0 }, "end": { "line": 41, "column": 34 } },
      "41": { "start": { "line": 42, "column": 0 }, "end": { "line": 42, "column": 32 } },
      "42": { "start": { "line": 43, "column": 0 }, "end": { "line": 43, "column": 40 } },
      "43": { "start": { "line": 44, "column": 0 }, "end": { "line": 44, "column": 35 } },
      "44": { "start": { "line": 45, "column": 0 }, "end": { "line": 45, "column": 6 } },
      "45": { "start": { "line": 46, "column": 0 }, "end": { "line": 46, "column": 3 } },
      "46": { "start": { "line": 47, "column": 0 }, "end": { "line": 47, "column": 1 } },
      "47": { "start": { "line": 48, "column": 0 }, "end": { "line": 48, "column": 0 } },
      "48": { "start": { "line": 49, "column": 0 }, "end": { "line": 49, "column": 50 } },
      "49": { "start": { "line": 50, "column": 0 }, "end": { "line": 50, "column": 31 } },
      "50": { "start": { "line": 51, "column": 0 }, "end": { "line": 51, "column": 46 } },
      "51": { "start": { "line": 52, "column": 0 }, "end": { "line": 52, "column": 0 } },
      "52": { "start": { "line": 53, "column": 0 }, "end": { "line": 53, "column": 17 } },
      "53": { "start": { "line": 54, "column": 0 }, "end": { "line": 54, "column": 14 } },
      "54": { "start": { "line": 55, "column": 0 }, "end": { "line": 55, "column": 3 } },
      "55": { "start": { "line": 56, "column": 0 }, "end": { "line": 56, "column": 0 } },
      "56": { "start": { "line": 57, "column": 0 }, "end": { "line": 57, "column": 81 } },
      "57": { "start": { "line": 58, "column": 0 }, "end": { "line": 58, "column": 19 } },
      "58": { "start": { "line": 59, "column": 0 }, "end": { "line": 59, "column": 18 } },
      "59": { "start": { "line": 60, "column": 0 }, "end": { "line": 60, "column": 20 } },
      "60": { "start": { "line": 61, "column": 0 }, "end": { "line": 61, "column": 4 } },
      "61": { "start": { "line": 62, "column": 0 }, "end": { "line": 62, "column": 0 } },
      "62": { "start": { "line": 63, "column": 0 }, "end": { "line": 63, "column": 10 } },
      "63": { "start": { "line": 64, "column": 0 }, "end": { "line": 64, "column": 40 } },
      "64": { "start": { "line": 65, "column": 0 }, "end": { "line": 65, "column": 18 } },
      "65": { "start": { "line": 66, "column": 0 }, "end": { "line": 66, "column": 89 } },
      "66": { "start": { "line": 67, "column": 0 }, "end": { "line": 67, "column": 8 } },
      "67": { "start": { "line": 68, "column": 0 }, "end": { "line": 68, "column": 40 } },
      "68": { "start": { "line": 69, "column": 0 }, "end": { "line": 69, "column": 36 } },
      "69": { "start": { "line": 70, "column": 0 }, "end": { "line": 70, "column": 67 } },
      "70": { "start": { "line": 71, "column": 0 }, "end": { "line": 71, "column": 12 } },
      "71": { "start": { "line": 72, "column": 0 }, "end": { "line": 72, "column": 62 } },
      "72": { "start": { "line": 73, "column": 0 }, "end": { "line": 73, "column": 60 } },
      "73": { "start": { "line": 74, "column": 0 }, "end": { "line": 74, "column": 42 } },
      "74": { "start": { "line": 75, "column": 0 }, "end": { "line": 75, "column": 16 } },
      "75": { "start": { "line": 76, "column": 0 }, "end": { "line": 76, "column": 36 } },
      "76": { "start": { "line": 77, "column": 0 }, "end": { "line": 77, "column": 39 } },
      "77": { "start": { "line": 78, "column": 0 }, "end": { "line": 78, "column": 16 } },
      "78": { "start": { "line": 79, "column": 0 }, "end": { "line": 79, "column": 20 } },
      "79": { "start": { "line": 80, "column": 0 }, "end": { "line": 80, "column": 51 } },
      "80": { "start": { "line": 81, "column": 0 }, "end": { "line": 81, "column": 12 } },
      "81": { "start": { "line": 82, "column": 0 }, "end": { "line": 82, "column": 14 } },
      "82": { "start": { "line": 83, "column": 0 }, "end": { "line": 83, "column": 54 } },
      "83": { "start": { "line": 84, "column": 0 }, "end": { "line": 84, "column": 41 } },
      "84": { "start": { "line": 85, "column": 0 }, "end": { "line": 85, "column": 49 } },
      "85": { "start": { "line": 86, "column": 0 }, "end": { "line": 86, "column": 19 } },
      "86": { "start": { "line": 87, "column": 0 }, "end": { "line": 87, "column": 17 } },
      "87": { "start": { "line": 88, "column": 0 }, "end": { "line": 88, "column": 13 } },
      "88": { "start": { "line": 89, "column": 0 }, "end": { "line": 89, "column": 13 } },
      "89": { "start": { "line": 90, "column": 0 }, "end": { "line": 90, "column": 15 } },
      "90": { "start": { "line": 91, "column": 0 }, "end": { "line": 91, "column": 95 } },
      "91": { "start": { "line": 92, "column": 0 }, "end": { "line": 92, "column": 14 } },
      "92": { "start": { "line": 93, "column": 0 }, "end": { "line": 93, "column": 3 } },
      "93": { "start": { "line": 94, "column": 0 }, "end": { "line": 94, "column": 1 } },
      "94": { "start": { "line": 95, "column": 0 }, "end": { "line": 95, "column": 0 } },
      "95": { "start": { "line": 96, "column": 0 }, "end": { "line": 96, "column": 26 } }
    },
    "s": {
      "0": 1,
      "1": 1,
      "2": 1,
      "3": 1,
      "4": 1,
      "5": 1,
      "6": 1,
      "7": 1,
      "8": 1,
      "9": 1,
      "10": 1,
      "11": 1,
      "12": 1,
      "13": 1,
      "14": 1,
      "15": 1,
      "16": 2,
      "17": 2,
      "18": 2,
      "19": 1,
      "20": 1,
      "21": 1,
      "22": 1,
      "23": 1,
      "24": 1,
      "25": 1,
      "26": 1,
      "27": 1,
      "28": 1,
      "29": 1,
      "30": 1,
      "31": 1,
      "32": 1,
      "33": 1,
      "34": 1,
      "35": 1,
      "36": 1,
      "37": 1,
      "38": 1,
      "39": 1,
      "40": 1,
      "41": 1,
      "42": 1,
      "43": 1,
      "44": 1,
      "45": 1,
      "46": 1,
      "47": 1,
      "48": 1,
      "49": 7,
      "50": 7,
      "51": 7,
      "52": 7,
      "53": 1,
      "54": 1,
      "55": 6,
      "56": 6,
      "57": 6,
      "58": 6,
      "59": 6,
      "60": 6,
      "61": 6,
      "62": 6,
      "63": 6,
      "64": 6,
      "65": 6,
      "66": 6,
      "67": 6,
      "68": 6,
      "69": 6,
      "70": 6,
      "71": 6,
      "72": 6,
      "73": 6,
      "74": 6,
      "75": 6,
      "76": 6,
      "77": 6,
      "78": 6,
      "79": 6,
      "80": 6,
      "81": 6,
      "82": 6,
      "83": 6,
      "84": 6,
      "85": 6,
      "86": 6,
      "87": 6,
      "88": 6,
      "89": 6,
      "90": 6,
      "91": 6,
      "92": 6,
      "93": 6,
      "94": 1,
      "95": 1
    },
    "branchMap": {
      "0": {
        "type": "branch",
        "line": 12,
        "loc": { "start": { "line": 12, "column": 7 }, "end": { "line": 14, "column": 1 } },
        "locations": [{ "start": { "line": 12, "column": 7 }, "end": { "line": 14, "column": 1 } }]
      },
      "1": {
        "type": "branch",
        "line": 13,
        "loc": { "start": { "line": 13, "column": 34 }, "end": { "line": 13, "column": 58 } },
        "locations": [
          { "start": { "line": 13, "column": 34 }, "end": { "line": 13, "column": 58 } }
        ]
      },
      "2": {
        "type": "branch",
        "line": 16,
        "loc": { "start": { "line": 16, "column": 7 }, "end": { "line": 47, "column": 1 } },
        "locations": [{ "start": { "line": 16, "column": 7 }, "end": { "line": 47, "column": 1 } }]
      },
      "3": {
        "type": "branch",
        "line": 19,
        "loc": { "start": { "line": 19, "column": 16 }, "end": { "line": 47, "column": 1 } },
        "locations": [{ "start": { "line": 19, "column": 16 }, "end": { "line": 47, "column": 1 } }]
      },
      "4": {
        "type": "branch",
        "line": 49,
        "loc": { "start": { "line": 49, "column": 20 }, "end": { "line": 94, "column": 1 } },
        "locations": [{ "start": { "line": 49, "column": 20 }, "end": { "line": 94, "column": 1 } }]
      },
      "5": {
        "type": "branch",
        "line": 53,
        "loc": { "start": { "line": 53, "column": 16 }, "end": { "line": 55, "column": 3 } },
        "locations": [{ "start": { "line": 53, "column": 16 }, "end": { "line": 55, "column": 3 } }]
      },
      "6": {
        "type": "branch",
        "line": 55,
        "loc": { "start": { "line": 55, "column": 2 }, "end": { "line": 94, "column": 1 } },
        "locations": [{ "start": { "line": 55, "column": 2 }, "end": { "line": 94, "column": 1 } }]
      },
      "7": {
        "type": "branch",
        "line": 84,
        "loc": { "start": { "line": 84, "column": 33 }, "end": { "line": 85, "column": 26 } },
        "locations": [
          { "start": { "line": 84, "column": 33 }, "end": { "line": 85, "column": 26 } }
        ]
      }
    },
    "b": { "0": [1], "1": [2], "2": [2], "3": [1], "4": [7], "5": [1], "6": [6], "7": [12] },
    "fnMap": {
      "0": {
        "name": "generateStaticParams",
        "decl": { "start": { "line": 12, "column": 7 }, "end": { "line": 14, "column": 1 } },
        "loc": { "start": { "line": 12, "column": 7 }, "end": { "line": 14, "column": 1 } },
        "line": 12
      },
      "1": {
        "name": "generateMetadata",
        "decl": { "start": { "line": 16, "column": 7 }, "end": { "line": 47, "column": 1 } },
        "loc": { "start": { "line": 16, "column": 7 }, "end": { "line": 47, "column": 1 } },
        "line": 16
      },
      "2": {
        "name": "ArticlePage",
        "decl": { "start": { "line": 49, "column": 20 }, "end": { "line": 94, "column": 1 } },
        "loc": { "start": { "line": 49, "column": 20 }, "end": { "line": 94, "column": 1 } },
        "line": 49
      }
    },
    "f": { "0": 1, "1": 2, "2": 7 }
  },
  "/Users/lenny/Projects/lennypeters/src/app/work/page.tsx": {
    "path": "/Users/lenny/Projects/lennypeters/src/app/work/page.tsx",
    "all": false,
    "statementMap": {
      "0": { "start": { "line": 1, "column": 0 }, "end": { "line": 1, "column": 36 } },
      "1": { "start": { "line": 2, "column": 0 }, "end": { "line": 2, "column": 28 } },
      "2": { "start": { "line": 3, "column": 0 }, "end": { "line": 3, "column": 42 } },
      "3": { "start": { "line": 4, "column": 0 }, "end": { "line": 4, "column": 39 } },
      "4": { "start": { "line": 5, "column": 0 }, "end": { "line": 5, "column": 0 } },
      "5": { "start": { "line": 6, "column": 0 }, "end": { "line": 6, "column": 35 } },
      "6": { "start": { "line": 7, "column": 0 }, "end": { "line": 7, "column": 31 } },
      "7": { "start": { "line": 8, "column": 0 }, "end": { "line": 8, "column": 71 } },
      "8": { "start": { "line": 9, "column": 0 }, "end": { "line": 9, "column": 15 } },
      "9": { "start": { "line": 10, "column": 0 }, "end": { "line": 10, "column": 24 } },
      "10": { "start": { "line": 11, "column": 0 }, "end": { "line": 11, "column": 4 } },
      "11": { "start": { "line": 12, "column": 0 }, "end": { "line": 12, "column": 14 } },
      "12": { "start": { "line": 13, "column": 0 }, "end": { "line": 13, "column": 20 } },
      "13": { "start": { "line": 14, "column": 0 }, "end": { "line": 14, "column": 18 } },
      "14": { "start": { "line": 15, "column": 0 }, "end": { "line": 15, "column": 33 } },
      "15": { "start": { "line": 16, "column": 0 }, "end": { "line": 16, "column": 73 } },
      "16": { "start": { "line": 17, "column": 0 }, "end": { "line": 17, "column": 4 } },
      "17": { "start": { "line": 18, "column": 0 }, "end": { "line": 18, "column": 12 } },
      "18": { "start": { "line": 19, "column": 0 }, "end": { "line": 19, "column": 32 } },
      "19": { "start": { "line": 20, "column": 0 }, "end": { "line": 20, "column": 33 } },
      "20": { "start": { "line": 21, "column": 0 }, "end": { "line": 21, "column": 73 } },
      "21": { "start": { "line": 22, "column": 0 }, "end": { "line": 22, "column": 4 } },
      "22": { "start": { "line": 23, "column": 0 }, "end": { "line": 23, "column": 1 } },
      "23": { "start": { "line": 24, "column": 0 }, "end": { "line": 24, "column": 0 } },
      "24": { "start": { "line": 25, "column": 0 }, "end": { "line": 25, "column": 24 } },
      "25": { "start": { "line": 26, "column": 0 }, "end": { "line": 26, "column": 10 } },
      "26": { "start": { "line": 27, "column": 0 }, "end": { "line": 27, "column": 33 } },
      "27": { "start": { "line": 28, "column": 0 }, "end": { "line": 28, "column": 41 } },
      "28": { "start": { "line": 29, "column": 0 }, "end": { "line": 29, "column": 53 } },
      "29": { "start": { "line": 30, "column": 0 }, "end": { "line": 30, "column": 50 } },
      "30": { "start": { "line": 31, "column": 0 }, "end": { "line": 31, "column": 34 } },
      "31": { "start": { "line": 32, "column": 0 }, "end": { "line": 32, "column": 100 } },
      "32": { "start": { "line": 33, "column": 0 }, "end": { "line": 33, "column": 22 } },
      "33": { "start": { "line": 34, "column": 0 }, "end": { "line": 34, "column": 12 } },
      "34": { "start": { "line": 35, "column": 0 }, "end": { "line": 35, "column": 12 } },
      "35": { "start": { "line": 36, "column": 0 }, "end": { "line": 36, "column": 0 } },
      "36": { "start": { "line": 37, "column": 0 }, "end": { "line": 37, "column": 35 } },
      "37": { "start": { "line": 38, "column": 0 }, "end": { "line": 38, "column": 43 } },
      "38": { "start": { "line": 39, "column": 0 }, "end": { "line": 39, "column": 94 } },
      "39": { "start": { "line": 40, "column": 0 }, "end": { "line": 40, "column": 0 } },
      "40": { "start": { "line": 41, "column": 0 }, "end": { "line": 41, "column": 18 } },
      "41": { "start": { "line": 42, "column": 0 }, "end": { "line": 42, "column": 63 } },
      "42": { "start": { "line": 43, "column": 0 }, "end": { "line": 43, "column": 48 } },
      "43": { "start": { "line": 44, "column": 0 }, "end": { "line": 44, "column": 70 } },
      "44": { "start": { "line": 45, "column": 0 }, "end": { "line": 45, "column": 91 } },
      "45": { "start": { "line": 46, "column": 0 }, "end": { "line": 46, "column": 20 } },
      "46": { "start": { "line": 47, "column": 0 }, "end": { "line": 47, "column": 51 } },
      "47": { "start": { "line": 48, "column": 0 }, "end": { "line": 48, "column": 50 } },
      "48": { "start": { "line": 49, "column": 0 }, "end": { "line": 49, "column": 23 } },
      "49": { "start": { "line": 50, "column": 0 }, "end": { "line": 50, "column": 39 } },
      "50": { "start": { "line": 51, "column": 0 }, "end": { "line": 51, "column": 53 } },
      "51": { "start": { "line": 52, "column": 0 }, "end": { "line": 52, "column": 72 } },
      "52": { "start": { "line": 53, "column": 0 }, "end": { "line": 53, "column": 82 } },
      "53": { "start": { "line": 54, "column": 0 }, "end": { "line": 54, "column": 19 } },
      "54": { "start": { "line": 55, "column": 0 }, "end": { "line": 55, "column": 35 } },
      "55": { "start": { "line": 56, "column": 0 }, "end": { "line": 56, "column": 25 } },
      "56": { "start": { "line": 57, "column": 0 }, "end": { "line": 57, "column": 21 } },
      "57": { "start": { "line": 58, "column": 0 }, "end": { "line": 58, "column": 73 } },
      "58": { "start": { "line": 59, "column": 0 }, "end": { "line": 59, "column": 70 } },
      "59": { "start": { "line": 60, "column": 0 }, "end": { "line": 60, "column": 44 } },
      "60": { "start": { "line": 61, "column": 0 }, "end": { "line": 61, "column": 57 } },
      "61": { "start": { "line": 62, "column": 0 }, "end": { "line": 62, "column": 41 } },
      "62": { "start": { "line": 63, "column": 0 }, "end": { "line": 63, "column": 25 } },
      "63": { "start": { "line": 64, "column": 0 }, "end": { "line": 64, "column": 21 } },
      "64": { "start": { "line": 65, "column": 0 }, "end": { "line": 65, "column": 21 } },
      "65": { "start": { "line": 66, "column": 0 }, "end": { "line": 66, "column": 20 } },
      "66": { "start": { "line": 67, "column": 0 }, "end": { "line": 67, "column": 22 } },
      "67": { "start": { "line": 68, "column": 0 }, "end": { "line": 68, "column": 11 } },
      "68": { "start": { "line": 69, "column": 0 }, "end": { "line": 69, "column": 11 } },
      "69": { "start": { "line": 70, "column": 0 }, "end": { "line": 70, "column": 12 } },
      "70": { "start": { "line": 71, "column": 0 }, "end": { "line": 71, "column": 10 } },
      "71": { "start": { "line": 72, "column": 0 }, "end": { "line": 72, "column": 3 } },
      "72": { "start": { "line": 73, "column": 0 }, "end": { "line": 73, "column": 1 } },
      "73": { "start": { "line": 74, "column": 0 }, "end": { "line": 74, "column": 0 } },
      "74": { "start": { "line": 75, "column": 0 }, "end": { "line": 75, "column": 23 } }
    },
    "s": {
      "0": 1,
      "1": 1,
      "2": 1,
      "3": 1,
      "4": 1,
      "5": 1,
      "6": 1,
      "7": 1,
      "8": 1,
      "9": 1,
      "10": 1,
      "11": 1,
      "12": 1,
      "13": 1,
      "14": 1,
      "15": 1,
      "16": 1,
      "17": 1,
      "18": 1,
      "19": 1,
      "20": 1,
      "21": 1,
      "22": 1,
      "23": 1,
      "24": 1,
      "25": 6,
      "26": 6,
      "27": 6,
      "28": 6,
      "29": 6,
      "30": 6,
      "31": 6,
      "32": 6,
      "33": 6,
      "34": 6,
      "35": 6,
      "36": 6,
      "37": 6,
      "38": 12,
      "39": 12,
      "40": 12,
      "41": 12,
      "42": 12,
      "43": 12,
      "44": 12,
      "45": 12,
      "46": 12,
      "47": 12,
      "48": 12,
      "49": 12,
      "50": 12,
      "51": 12,
      "52": 12,
      "53": 12,
      "54": 12,
      "55": 12,
      "56": 12,
      "57": 12,
      "58": 12,
      "59": 12,
      "60": 12,
      "61": 12,
      "62": 12,
      "63": 12,
      "64": 12,
      "65": 12,
      "66": 12,
      "67": 12,
      "68": 12,
      "69": 6,
      "70": 6,
      "71": 6,
      "72": 6,
      "73": 1,
      "74": 1
    },
    "branchMap": {
      "0": {
        "type": "branch",
        "line": 25,
        "loc": { "start": { "line": 25, "column": 17 }, "end": { "line": 73, "column": 1 } },
        "locations": [{ "start": { "line": 25, "column": 17 }, "end": { "line": 73, "column": 1 } }]
      },
      "1": {
        "type": "branch",
        "line": 38,
        "loc": { "start": { "line": 38, "column": 22 }, "end": { "line": 69, "column": 11 } },
        "locations": [
          { "start": { "line": 38, "column": 22 }, "end": { "line": 69, "column": 11 } }
        ]
      },
      "2": {
        "type": "branch",
        "line": 52,
        "loc": { "start": { "line": 52, "column": 51 }, "end": { "line": 52, "column": 72 } },
        "locations": [
          { "start": { "line": 52, "column": 51 }, "end": { "line": 52, "column": 72 } }
        ]
      },
      "3": {
        "type": "branch",
        "line": 53,
        "loc": { "start": { "line": 53, "column": 48 }, "end": { "line": 53, "column": 82 } },
        "locations": [
          { "start": { "line": 53, "column": 48 }, "end": { "line": 53, "column": 82 } }
        ]
      },
      "4": {
        "type": "branch",
        "line": 60,
        "loc": { "start": { "line": 60, "column": 36 }, "end": { "line": 61, "column": 34 } },
        "locations": [
          { "start": { "line": 60, "column": 36 }, "end": { "line": 61, "column": 34 } }
        ]
      }
    },
    "b": { "0": [6], "1": [12], "2": [0], "3": [0], "4": [48] },
    "fnMap": {
      "0": {
        "name": "WorkPage",
        "decl": { "start": { "line": 25, "column": 17 }, "end": { "line": 73, "column": 1 } },
        "loc": { "start": { "line": 25, "column": 17 }, "end": { "line": 73, "column": 1 } },
        "line": 25
      }
    },
    "f": { "0": 6 }
  },
  "/Users/lenny/Projects/lennypeters/src/components/article-card/index.tsx": {
    "path": "/Users/lenny/Projects/lennypeters/src/components/article-card/index.tsx",
    "all": false,
    "statementMap": {
      "0": { "start": { "line": 1, "column": 0 }, "end": { "line": 1, "column": 25 } },
      "1": { "start": { "line": 2, "column": 0 }, "end": { "line": 2, "column": 28 } },
      "2": { "start": { "line": 3, "column": 0 }, "end": { "line": 3, "column": 30 } },
      "3": { "start": { "line": 4, "column": 0 }, "end": { "line": 4, "column": 49 } },
      "4": { "start": { "line": 5, "column": 0 }, "end": { "line": 5, "column": 47 } },
      "5": { "start": { "line": 6, "column": 0 }, "end": { "line": 6, "column": 0 } },
      "6": { "start": { "line": 7, "column": 0 }, "end": { "line": 7, "column": 28 } },
      "7": { "start": { "line": 8, "column": 0 }, "end": { "line": 8, "column": 22 } },
      "8": { "start": { "line": 9, "column": 0 }, "end": { "line": 9, "column": 1 } },
      "9": { "start": { "line": 10, "column": 0 }, "end": { "line": 10, "column": 0 } },
      "10": { "start": { "line": 11, "column": 0 }, "end": { "line": 11, "column": 56 } },
      "11": { "start": { "line": 12, "column": 0 }, "end": { "line": 12, "column": 76 } },
      "12": { "start": { "line": 13, "column": 0 }, "end": { "line": 13, "column": 19 } },
      "13": { "start": { "line": 14, "column": 0 }, "end": { "line": 14, "column": 18 } },
      "14": { "start": { "line": 15, "column": 0 }, "end": { "line": 15, "column": 20 } },
      "15": { "start": { "line": 16, "column": 0 }, "end": { "line": 16, "column": 4 } },
      "16": { "start": { "line": 17, "column": 0 }, "end": { "line": 17, "column": 0 } },
      "17": { "start": { "line": 18, "column": 0 }, "end": { "line": 18, "column": 10 } },
      "18": { "start": { "line": 19, "column": 0 }, "end": { "line": 19, "column": 37 } },
      "19": { "start": { "line": 20, "column": 0 }, "end": { "line": 20, "column": 37 } },
      "20": { "start": { "line": 21, "column": 0 }, "end": { "line": 21, "column": 94 } },
      "21": { "start": { "line": 22, "column": 0 }, "end": { "line": 22, "column": 62 } },
      "22": { "start": { "line": 23, "column": 0 }, "end": { "line": 23, "column": 25 } },
      "23": { "start": { "line": 24, "column": 0 }, "end": { "line": 24, "column": 15 } },
      "24": { "start": { "line": 25, "column": 0 }, "end": { "line": 25, "column": 12 } },
      "25": { "start": { "line": 26, "column": 0 }, "end": { "line": 26, "column": 76 } },
      "26": { "start": { "line": 27, "column": 0 }, "end": { "line": 27, "column": 38 } },
      "27": { "start": { "line": 28, "column": 0 }, "end": { "line": 28, "column": 16 } },
      "28": { "start": { "line": 29, "column": 0 }, "end": { "line": 29, "column": 31 } },
      "29": { "start": { "line": 30, "column": 0 }, "end": { "line": 30, "column": 34 } },
      "30": { "start": { "line": 31, "column": 0 }, "end": { "line": 31, "column": 16 } },
      "31": { "start": { "line": 32, "column": 0 }, "end": { "line": 32, "column": 50 } },
      "32": { "start": { "line": 33, "column": 0 }, "end": { "line": 33, "column": 12 } },
      "33": { "start": { "line": 34, "column": 0 }, "end": { "line": 34, "column": 14 } },
      "34": { "start": { "line": 35, "column": 0 }, "end": { "line": 35, "column": 13 } },
      "35": { "start": { "line": 36, "column": 0 }, "end": { "line": 36, "column": 35 } },
      "36": { "start": { "line": 37, "column": 0 }, "end": { "line": 37, "column": 37 } },
      "37": { "start": { "line": 38, "column": 0 }, "end": { "line": 38, "column": 80 } },
      "38": { "start": { "line": 39, "column": 0 }, "end": { "line": 39, "column": 27 } },
      "39": { "start": { "line": 40, "column": 0 }, "end": { "line": 40, "column": 17 } },
      "40": { "start": { "line": 41, "column": 0 }, "end": { "line": 41, "column": 13 } },
      "41": { "start": { "line": 42, "column": 0 }, "end": { "line": 42, "column": 59 } },
      "42": { "start": { "line": 43, "column": 0 }, "end": { "line": 43, "column": 54 } },
      "43": { "start": { "line": 44, "column": 0 }, "end": { "line": 44, "column": 36 } },
      "44": { "start": { "line": 45, "column": 0 }, "end": { "line": 45, "column": 49 } },
      "45": { "start": { "line": 46, "column": 0 }, "end": { "line": 46, "column": 19 } },
      "46": { "start": { "line": 47, "column": 0 }, "end": { "line": 47, "column": 17 } },
      "47": { "start": { "line": 48, "column": 0 }, "end": { "line": 48, "column": 13 } },
      "48": { "start": { "line": 49, "column": 0 }, "end": { "line": 49, "column": 13 } },
      "49": { "start": { "line": 50, "column": 0 }, "end": { "line": 50, "column": 13 } },
      "50": { "start": { "line": 51, "column": 0 }, "end": { "line": 51, "column": 44 } },
      "51": { "start": { "line": 52, "column": 0 }, "end": { "line": 52, "column": 32 } },
      "52": { "start": { "line": 53, "column": 0 }, "end": { "line": 53, "column": 46 } },
      "53": { "start": { "line": 54, "column": 0 }, "end": { "line": 54, "column": 9 } },
      "54": { "start": { "line": 55, "column": 0 }, "end": { "line": 55, "column": 62 } },
      "55": { "start": { "line": 56, "column": 0 }, "end": { "line": 56, "column": 15 } },
      "56": { "start": { "line": 57, "column": 0 }, "end": { "line": 57, "column": 12 } },
      "57": { "start": { "line": 58, "column": 0 }, "end": { "line": 58, "column": 14 } },
      "58": { "start": { "line": 59, "column": 0 }, "end": { "line": 59, "column": 3 } },
      "59": { "start": { "line": 60, "column": 0 }, "end": { "line": 60, "column": 1 } },
      "60": { "start": { "line": 61, "column": 0 }, "end": { "line": 61, "column": 0 } },
      "61": { "start": { "line": 62, "column": 0 }, "end": { "line": 62, "column": 26 } }
    },
    "s": {
      "0": 1,
      "1": 1,
      "2": 1,
      "3": 1,
      "4": 1,
      "5": 1,
      "6": 1,
      "7": 1,
      "8": 1,
      "9": 1,
      "10": 1,
      "11": 8,
      "12": 8,
      "13": 8,
      "14": 8,
      "15": 8,
      "16": 8,
      "17": 8,
      "18": 8,
      "19": 8,
      "20": 8,
      "21": 8,
      "22": 8,
      "23": 8,
      "24": 8,
      "25": 8,
      "26": 8,
      "27": 8,
      "28": 8,
      "29": 8,
      "30": 8,
      "31": 8,
      "32": 8,
      "33": 8,
      "34": 8,
      "35": 8,
      "36": 8,
      "37": 8,
      "38": 8,
      "39": 8,
      "40": 8,
      "41": 8,
      "42": 8,
      "43": 8,
      "44": 8,
      "45": 8,
      "46": 8,
      "47": 8,
      "48": 8,
      "49": 8,
      "50": 8,
      "51": 8,
      "52": 8,
      "53": 8,
      "54": 8,
      "55": 8,
      "56": 8,
      "57": 8,
      "58": 8,
      "59": 8,
      "60": 1,
      "61": 1
    },
    "branchMap": {
      "0": {
        "type": "branch",
        "line": 11,
        "loc": { "start": { "line": 11, "column": 20 }, "end": { "line": 60, "column": 1 } },
        "locations": [{ "start": { "line": 11, "column": 20 }, "end": { "line": 60, "column": 1 } }]
      },
      "1": {
        "type": "branch",
        "line": 44,
        "loc": { "start": { "line": 44, "column": 28 }, "end": { "line": 45, "column": 26 } },
        "locations": [
          { "start": { "line": 44, "column": 28 }, "end": { "line": 45, "column": 26 } }
        ]
      }
    },
    "b": { "0": [8], "1": [14] },
    "fnMap": {
      "0": {
        "name": "ArticleCard",
        "decl": { "start": { "line": 11, "column": 20 }, "end": { "line": 60, "column": 1 } },
        "loc": { "start": { "line": 11, "column": 20 }, "end": { "line": 60, "column": 1 } },
        "line": 11
      }
    },
    "f": { "0": 8 }
  },
  "/Users/lenny/Projects/lennypeters/src/components/breadcrumbs/index.tsx": {
    "path": "/Users/lenny/Projects/lennypeters/src/components/breadcrumbs/index.tsx",
    "all": false,
    "statementMap": {
      "0": { "start": { "line": 1, "column": 0 }, "end": { "line": 1, "column": 28 } },
      "1": { "start": { "line": 2, "column": 0 }, "end": { "line": 2, "column": 46 } },
      "2": { "start": { "line": 3, "column": 0 }, "end": { "line": 3, "column": 0 } },
      "3": { "start": { "line": 4, "column": 0 }, "end": { "line": 4, "column": 26 } },
      "4": { "start": { "line": 5, "column": 0 }, "end": { "line": 5, "column": 24 } },
      "5": { "start": { "line": 6, "column": 0 }, "end": { "line": 6, "column": 24 } },
      "6": { "start": { "line": 7, "column": 0 }, "end": { "line": 7, "column": 1 } },
      "7": { "start": { "line": 8, "column": 0 }, "end": { "line": 8, "column": 0 } },
      "8": { "start": { "line": 9, "column": 0 }, "end": { "line": 9, "column": 28 } },
      "9": { "start": { "line": 10, "column": 0 }, "end": { "line": 10, "column": 34 } },
      "10": { "start": { "line": 11, "column": 0 }, "end": { "line": 11, "column": 1 } },
      "11": { "start": { "line": 12, "column": 0 }, "end": { "line": 12, "column": 0 } },
      "12": { "start": { "line": 13, "column": 0 }, "end": { "line": 13, "column": 54 } },
      "13": { "start": { "line": 14, "column": 0 }, "end": { "line": 14, "column": 54 } },
      "14": { "start": { "line": 15, "column": 0 }, "end": { "line": 15, "column": 32 } },
      "15": { "start": { "line": 16, "column": 0 }, "end": { "line": 16, "column": 35 } },
      "16": { "start": { "line": 17, "column": 0 }, "end": { "line": 17, "column": 29 } },
      "17": { "start": { "line": 18, "column": 0 }, "end": { "line": 18, "column": 73 } },
      "18": { "start": { "line": 19, "column": 0 }, "end": { "line": 19, "column": 24 } },
      "19": { "start": { "line": 20, "column": 0 }, "end": { "line": 20, "column": 59 } },
      "20": { "start": { "line": 21, "column": 0 }, "end": { "line": 21, "column": 26 } },
      "21": { "start": { "line": 22, "column": 0 }, "end": { "line": 22, "column": 19 } },
      "22": { "start": { "line": 23, "column": 0 }, "end": { "line": 23, "column": 15 } },
      "23": { "start": { "line": 24, "column": 0 }, "end": { "line": 24, "column": 65 } },
      "24": { "start": { "line": 25, "column": 0 }, "end": { "line": 25, "column": 26 } },
      "25": { "start": { "line": 26, "column": 0 }, "end": { "line": 26, "column": 19 } },
      "26": { "start": { "line": 27, "column": 0 }, "end": { "line": 27, "column": 12 } },
      "27": { "start": { "line": 28, "column": 0 }, "end": { "line": 28, "column": 13 } },
      "28": { "start": { "line": 29, "column": 0 }, "end": { "line": 29, "column": 9 } },
      "29": { "start": { "line": 30, "column": 0 }, "end": { "line": 30, "column": 9 } },
      "30": { "start": { "line": 31, "column": 0 }, "end": { "line": 31, "column": 8 } },
      "31": { "start": { "line": 32, "column": 0 }, "end": { "line": 32, "column": 1 } },
      "32": { "start": { "line": 33, "column": 0 }, "end": { "line": 33, "column": 0 } },
      "33": { "start": { "line": 34, "column": 0 }, "end": { "line": 34, "column": 26 } }
    },
    "s": {
      "0": 1,
      "1": 1,
      "2": 1,
      "3": 1,
      "4": 1,
      "5": 1,
      "6": 1,
      "7": 1,
      "8": 1,
      "9": 1,
      "10": 1,
      "11": 1,
      "12": 1,
      "13": 1,
      "14": 1,
      "15": 1,
      "16": 11,
      "17": 1,
      "18": 1,
      "19": 7,
      "20": 7,
      "21": 7,
      "22": 7,
      "23": 1,
      "24": 1,
      "25": 1,
      "26": 1,
      "27": 1,
      "28": 1,
      "29": 1,
      "30": 1,
      "31": 1,
      "32": 1,
      "33": 1
    },
    "branchMap": {
      "0": {
        "type": "branch",
        "line": 16,
        "loc": { "start": { "line": 16, "column": 17 }, "end": { "line": 17, "column": 29 } },
        "locations": [
          { "start": { "line": 16, "column": 17 }, "end": { "line": 17, "column": 29 } }
        ]
      },
      "1": {
        "type": "branch",
        "line": 19,
        "loc": { "start": { "line": 19, "column": 20 }, "end": { "line": 24, "column": 13 } },
        "locations": [
          { "start": { "line": 19, "column": 20 }, "end": { "line": 24, "column": 13 } }
        ]
      }
    },
    "b": { "0": [11], "1": [7] },
    "fnMap": {},
    "f": {}
  },
  "/Users/lenny/Projects/lennypeters/src/components/certifications/index.tsx": {
    "path": "/Users/lenny/Projects/lennypeters/src/components/certifications/index.tsx",
    "all": false,
    "statementMap": {
      "0": { "start": { "line": 1, "column": 0 }, "end": { "line": 1, "column": 25 } },
      "1": { "start": { "line": 2, "column": 0 }, "end": { "line": 2, "column": 54 } },
      "2": { "start": { "line": 3, "column": 0 }, "end": { "line": 3, "column": 49 } },
      "3": { "start": { "line": 4, "column": 0 }, "end": { "line": 4, "column": 0 } },
      "4": { "start": { "line": 5, "column": 0 }, "end": { "line": 5, "column": 30 } },
      "5": { "start": { "line": 6, "column": 0 }, "end": { "line": 6, "column": 10 } },
      "6": { "start": { "line": 7, "column": 0 }, "end": { "line": 7, "column": 81 } },
      "7": { "start": { "line": 8, "column": 0 }, "end": { "line": 8, "column": 70 } },
      "8": { "start": { "line": 9, "column": 0 }, "end": { "line": 9, "column": 22 } },
      "9": { "start": { "line": 10, "column": 0 }, "end": { "line": 10, "column": 11 } },
      "10": { "start": { "line": 11, "column": 0 }, "end": { "line": 11, "column": 34 } },
      "11": { "start": { "line": 12, "column": 0 }, "end": { "line": 12, "column": 73 } },
      "12": { "start": { "line": 13, "column": 0 }, "end": { "line": 13, "column": 10 } },
      "13": { "start": { "line": 14, "column": 0 }, "end": { "line": 14, "column": 34 } },
      "14": { "start": { "line": 15, "column": 0 }, "end": { "line": 15, "column": 46 } },
      "15": { "start": { "line": 16, "column": 0 }, "end": { "line": 16, "column": 64 } },
      "16": { "start": { "line": 17, "column": 0 }, "end": { "line": 17, "column": 14 } },
      "17": { "start": { "line": 18, "column": 0 }, "end": { "line": 18, "column": 39 } },
      "18": { "start": { "line": 19, "column": 0 }, "end": { "line": 19, "column": 29 } },
      "19": { "start": { "line": 20, "column": 0 }, "end": { "line": 20, "column": 39 } },
      "20": { "start": { "line": 21, "column": 0 }, "end": { "line": 21, "column": 37 } },
      "21": { "start": { "line": 22, "column": 0 }, "end": { "line": 22, "column": 82 } },
      "22": { "start": { "line": 23, "column": 0 }, "end": { "line": 23, "column": 13 } },
      "23": { "start": { "line": 24, "column": 0 }, "end": { "line": 24, "column": 73 } },
      "24": { "start": { "line": 25, "column": 0 }, "end": { "line": 25, "column": 73 } },
      "25": { "start": { "line": 26, "column": 0 }, "end": { "line": 26, "column": 16 } },
      "26": { "start": { "line": 27, "column": 0 }, "end": { "line": 27, "column": 15 } },
      "27": { "start": { "line": 28, "column": 0 }, "end": { "line": 28, "column": 11 } },
      "28": { "start": { "line": 29, "column": 0 }, "end": { "line": 29, "column": 11 } },
      "29": { "start": { "line": 30, "column": 0 }, "end": { "line": 30, "column": 14 } },
      "30": { "start": { "line": 31, "column": 0 }, "end": { "line": 31, "column": 3 } },
      "31": { "start": { "line": 32, "column": 0 }, "end": { "line": 32, "column": 1 } },
      "32": { "start": { "line": 33, "column": 0 }, "end": { "line": 33, "column": 0 } },
      "33": { "start": { "line": 34, "column": 0 }, "end": { "line": 34, "column": 29 } }
    },
    "s": {
      "0": 1,
      "1": 1,
      "2": 1,
      "3": 1,
      "4": 1,
      "5": 2,
      "6": 2,
      "7": 2,
      "8": 2,
      "9": 2,
      "10": 2,
      "11": 2,
      "12": 2,
      "13": 2,
      "14": 2,
      "15": 2,
      "16": 2,
      "17": 2,
      "18": 2,
      "19": 2,
      "20": 2,
      "21": 2,
      "22": 2,
      "23": 2,
      "24": 2,
      "25": 2,
      "26": 2,
      "27": 2,
      "28": 2,
      "29": 2,
      "30": 2,
      "31": 2,
      "32": 1,
      "33": 1
    },
    "branchMap": {
      "0": {
        "type": "branch",
        "line": 5,
        "loc": { "start": { "line": 5, "column": 23 }, "end": { "line": 32, "column": 1 } },
        "locations": [{ "start": { "line": 5, "column": 23 }, "end": { "line": 32, "column": 1 } }]
      },
      "1": {
        "type": "branch",
        "line": 15,
        "loc": { "start": { "line": 15, "column": 28 }, "end": { "line": 16, "column": 40 } },
        "locations": [
          { "start": { "line": 15, "column": 28 }, "end": { "line": 16, "column": 40 } }
        ]
      }
    },
    "b": { "0": [2], "1": [6] },
    "fnMap": {
      "0": {
        "name": "Certifications",
        "decl": { "start": { "line": 5, "column": 23 }, "end": { "line": 32, "column": 1 } },
        "loc": { "start": { "line": 5, "column": 23 }, "end": { "line": 32, "column": 1 } },
        "line": 5
      }
    },
    "f": { "0": 2 }
  },
  "/Users/lenny/Projects/lennypeters/src/components/code-thinking/index.tsx": {
    "path": "/Users/lenny/Projects/lennypeters/src/components/code-thinking/index.tsx",
    "all": false,
    "statementMap": {
      "0": { "start": { "line": 1, "column": 0 }, "end": { "line": 1, "column": 12 } },
      "1": { "start": { "line": 2, "column": 0 }, "end": { "line": 2, "column": 0 } },
      "2": { "start": { "line": 3, "column": 0 }, "end": { "line": 3, "column": 39 } },
      "3": { "start": { "line": 4, "column": 0 }, "end": { "line": 4, "column": 28 } },
      "4": { "start": { "line": 5, "column": 0 }, "end": { "line": 5, "column": 30 } },
      "5": { "start": { "line": 6, "column": 0 }, "end": { "line": 6, "column": 49 } },
      "6": { "start": { "line": 7, "column": 0 }, "end": { "line": 7, "column": 48 } },
      "7": { "start": { "line": 8, "column": 0 }, "end": { "line": 8, "column": 0 } },
      "8": { "start": { "line": 9, "column": 0 }, "end": { "line": 9, "column": 24 } },
      "9": { "start": { "line": 10, "column": 0 }, "end": { "line": 10, "column": 0 } },
      "10": { "start": { "line": 11, "column": 0 }, "end": { "line": 11, "column": 29 } },
      "11": { "start": { "line": 12, "column": 0 }, "end": { "line": 12, "column": 25 } },
      "12": { "start": { "line": 13, "column": 0 }, "end": { "line": 13, "column": 1 } },
      "13": { "start": { "line": 14, "column": 0 }, "end": { "line": 14, "column": 0 } },
      "14": { "start": { "line": 15, "column": 0 }, "end": { "line": 15, "column": 59 } },
      "15": { "start": { "line": 16, "column": 0 }, "end": { "line": 16, "column": 37 } },
      "16": { "start": { "line": 17, "column": 0 }, "end": { "line": 17, "column": 64 } },
      "17": { "start": { "line": 18, "column": 0 }, "end": { "line": 18, "column": 84 } },
      "18": { "start": { "line": 19, "column": 0 }, "end": { "line": 19, "column": 0 } },
      "19": { "start": { "line": 20, "column": 0 }, "end": { "line": 20, "column": 10 } },
      "20": { "start": { "line": 21, "column": 0 }, "end": { "line": 21, "column": 71 } },
      "21": { "start": { "line": 22, "column": 0 }, "end": { "line": 22, "column": 44 } },
      "22": { "start": { "line": 23, "column": 0 }, "end": { "line": 23, "column": 62 } },
      "23": { "start": { "line": 24, "column": 0 }, "end": { "line": 24, "column": 18 } },
      "24": { "start": { "line": 25, "column": 0 }, "end": { "line": 25, "column": 13 } },
      "25": { "start": { "line": 26, "column": 0 }, "end": { "line": 26, "column": 59 } },
      "26": { "start": { "line": 27, "column": 0 }, "end": { "line": 27, "column": 39 } },
      "27": { "start": { "line": 28, "column": 0 }, "end": { "line": 28, "column": 68 } },
      "28": { "start": { "line": 29, "column": 0 }, "end": { "line": 29, "column": 15 } },
      "29": { "start": { "line": 30, "column": 0 }, "end": { "line": 30, "column": 12 } },
      "30": { "start": { "line": 31, "column": 0 }, "end": { "line": 31, "column": 0 } },
[...]
        "loc": { "start": { "line": 32, "column": 0 }, "end": { "line": 41, "column": 1 } },
        "line": 32
      },
      "2": {
        "name": "renderMarkdown",
        "decl": { "start": { "line": 43, "column": 0 }, "end": { "line": 60, "column": 1 } },
        "loc": { "start": { "line": 43, "column": 0 }, "end": { "line": 60, "column": 1 } },
        "line": 43
      },
      "3": {
        "name": "getArticleFiles",
        "decl": { "start": { "line": 62, "column": 0 }, "end": { "line": 67, "column": 1 } },
        "loc": { "start": { "line": 62, "column": 0 }, "end": { "line": 67, "column": 1 } },
        "line": 62
      },
      "4": {
        "name": "parseArticleMeta",
        "decl": { "start": { "line": 69, "column": 0 }, "end": { "line": 91, "column": 1 } },
        "loc": { "start": { "line": 69, "column": 0 }, "end": { "line": 91, "column": 1 } },
        "line": 69
      },
      "5": {
        "name": "getAllArticleMetas",
        "decl": { "start": { "line": 93, "column": 7 }, "end": { "line": 104, "column": 1 } },
        "loc": { "start": { "line": 93, "column": 7 }, "end": { "line": 104, "column": 1 } },
        "line": 93
      },
      "6": {
        "name": "getArticleBySlug",
        "decl": { "start": { "line": 106, "column": 7 }, "end": { "line": 140, "column": 1 } },
        "loc": { "start": { "line": 106, "column": 7 }, "end": { "line": 140, "column": 1 } },
        "line": 106
      },
      "7": {
        "name": "getFeaturedArticles",
        "decl": { "start": { "line": 142, "column": 7 }, "end": { "line": 144, "column": 1 } },
        "loc": { "start": { "line": 142, "column": 7 }, "end": { "line": 144, "column": 1 } },
        "line": 142
      }
    },
    "f": { "0": 28, "1": 28, "2": 2, "3": 10, "4": 27, "5": 10, "6": 4, "7": 5 }
  },
  "/Users/lenny/Projects/lennypeters/src/lib/seo.ts": {
    "path": "/Users/lenny/Projects/lennypeters/src/lib/seo.ts",
    "all": false,
    "statementMap": {
      "0": { "start": { "line": 1, "column": 0 }, "end": { "line": 1, "column": 51 } },
      "1": { "start": { "line": 2, "column": 0 }, "end": { "line": 2, "column": 0 } },
      "2": { "start": { "line": 3, "column": 0 }, "end": { "line": 3, "column": 39 } },
      "3": { "start": { "line": 4, "column": 0 }, "end": { "line": 4, "column": 55 } },
      "4": { "start": { "line": 5, "column": 0 }, "end": { "line": 5, "column": 31 } },
      "5": { "start": { "line": 6, "column": 0 }, "end": { "line": 6, "column": 74 } },
      "6": { "start": { "line": 7, "column": 0 }, "end": { "line": 7, "column": 43 } },
      "7": { "start": { "line": 8, "column": 0 }, "end": { "line": 8, "column": 0 } },
      "8": { "start": { "line": 9, "column": 0 }, "end": { "line": 9, "column": 99 } },
      "9": { "start": { "line": 10, "column": 0 }, "end": { "line": 10, "column": 0 } },
      "10": { "start": { "line": 11, "column": 0 }, "end": { "line": 11, "column": 57 } },
      "11": { "start": { "line": 12, "column": 0 }, "end": { "line": 12, "column": 47 } },
      "12": { "start": { "line": 13, "column": 0 }, "end": { "line": 13, "column": 1 } }
    },
    "s": {
      "0": 1,
      "1": 1,
      "2": 1,
      "3": 1,
      "4": 1,
      "5": 1,
      "6": 1,
      "7": 1,
      "8": 1,
      "9": 1,
      "10": 1,
      "11": 2,
      "12": 2
    },
    "branchMap": {
      "0": {
        "type": "branch",
        "line": 9,
        "loc": { "start": { "line": 9, "column": 57 }, "end": { "line": 9, "column": 77 } },
        "locations": [{ "start": { "line": 9, "column": 57 }, "end": { "line": 9, "column": 77 } }]
      },
      "1": {
        "type": "branch",
        "line": 11,
        "loc": { "start": { "line": 11, "column": 7 }, "end": { "line": 13, "column": 1 } },
        "locations": [{ "start": { "line": 11, "column": 7 }, "end": { "line": 13, "column": 1 } }]
      }
    },
    "b": { "0": [2], "1": [2] },
    "fnMap": {
      "0": {
        "name": "toAbsoluteUrl",
        "decl": { "start": { "line": 11, "column": 7 }, "end": { "line": 13, "column": 1 } },
        "loc": { "start": { "line": 11, "column": 7 }, "end": { "line": 13, "column": 1 } },
        "line": 11
      }
    },
    "f": { "0": 2 }
  },
  "/Users/lenny/Projects/lennypeters/src/lib/site-config.ts": {
    "path": "/Users/lenny/Projects/lennypeters/src/lib/site-config.ts",
    "all": false,
    "statementMap": {
      "0": { "start": { "line": 1, "column": 0 }, "end": { "line": 1, "column": 63 } },
      "1": { "start": { "line": 2, "column": 0 }, "end": { "line": 2, "column": 23 } },
      "2": { "start": { "line": 3, "column": 0 }, "end": { "line": 3, "column": 0 } },
      "3": { "start": { "line": 4, "column": 0 }, "end": { "line": 4, "column": 30 } },
      "4": { "start": { "line": 5, "column": 0 }, "end": { "line": 5, "column": 0 } },
      "5": { "start": { "line": 6, "column": 0 }, "end": { "line": 6, "column": 44 } },
      "6": { "start": { "line": 7, "column": 0 }, "end": { "line": 7, "column": 0 } },
      "7": { "start": { "line": 8, "column": 0 }, "end": { "line": 8, "column": 58 } },
      "8": { "start": { "line": 9, "column": 0 }, "end": { "line": 9, "column": 1 } },
      "9": { "start": { "line": 10, "column": 0 }, "end": { "line": 10, "column": 0 } },
      "10": { "start": { "line": 11, "column": 0 }, "end": { "line": 11, "column": 55 } },
      "11": { "start": { "line": 12, "column": 0 }, "end": { "line": 12, "column": 21 } },
      "12": { "start": { "line": 13, "column": 0 }, "end": { "line": 13, "column": 0 } },
      "13": { "start": { "line": 14, "column": 0 }, "end": { "line": 14, "column": 7 } },
      "14": { "start": { "line": 15, "column": 0 }, "end": { "line": 15, "column": 46 } },
      "15": { "start": { "line": 16, "column": 0 }, "end": { "line": 16, "column": 11 } },
      "16": { "start": { "line": 17, "column": 0 }, "end": { "line": 17, "column": 13 } },
      "17": { "start": { "line": 18, "column": 0 }, "end": { "line": 18, "column": 3 } },
      "18": { "start": { "line": 19, "column": 0 }, "end": { "line": 19, "column": 1 } },
      "19": { "start": { "line": 20, "column": 0 }, "end": { "line": 20, "column": 0 } },
      "20": { "start": { "line": 21, "column": 0 }, "end": { "line": 21, "column": 99 } },
      "21": { "start": { "line": 22, "column": 0 }, "end": { "line": 22, "column": 39 } },
      "22": { "start": { "line": 23, "column": 0 }, "end": { "line": 23, "column": 0 } },
      "23": { "start": { "line": 24, "column": 0 }, "end": { "line": 24, "column": 47 } },
      "24": { "start": { "line": 25, "column": 0 }, "end": { "line": 25, "column": 0 } },
      "25": { "start": { "line": 26, "column": 0 }, "end": { "line": 26, "column": 29 } },
      "26": { "start": { "line": 27, "column": 0 }, "end": { "line": 27, "column": 0 } },
      "27": { "start": { "line": 28, "column": 0 }, "end": { "line": 28, "column": 97 } },
      "28": { "start": { "line": 29, "column": 0 }, "end": { "line": 29, "column": 1 } },
      "29": { "start": { "line": 30, "column": 0 }, "end": { "line": 30, "column": 0 } },
      "30": { "start": { "line": 31, "column": 0 }, "end": { "line": 31, "column": 34 } },
      "31": { "start": { "line": 32, "column": 0 }, "end": { "line": 32, "column": 38 } },
      "32": { "start": { "line": 33, "column": 0 }, "end": { "line": 33, "column": 32 } },
      "33": { "start": { "line": 34, "column": 0 }, "end": { "line": 34, "column": 33 } },
      "34": { "start": { "line": 35, "column": 0 }, "end": { "line": 35, "column": 36 } },
      "35": { "start": { "line": 36, "column": 0 }, "end": { "line": 36, "column": 27 } },
      "36": { "start": { "line": 37, "column": 0 }, "end": { "line": 37, "column": 1 } },
      "37": { "start": { "line": 38, "column": 0 }, "end": { "line": 38, "column": 0 } },
      "38": { "start": { "line": 39, "column": 0 }, "end": { "line": 39, "column": 33 } },
      "39": { "start": { "line": 40, "column": 0 }, "end": { "line": 40, "column": 21 } },
      "40": { "start": { "line": 41, "column": 0 }, "end": { "line": 41, "column": 15 } },
      "41": { "start": { "line": 42, "column": 0 }, "end": { "line": 42, "column": 16 } },
      "42": { "start": { "line": 43, "column": 0 }, "end": { "line": 43, "column": 19 } },
      "43": { "start": { "line": 44, "column": 0 }, "end": { "line": 44, "column": 10 } },
      "44": { "start": { "line": 45, "column": 0 }, "end": { "line": 45, "column": 36 } },
      "45": { "start": { "line": 46, "column": 0 }, "end": { "line": 46, "column": 56 } },
      "46": { "start": { "line": 47, "column": 0 }, "end": { "line": 47, "column": 0 } },
      "47": { "start": { "line": 48, "column": 0 }, "end": { "line": 48, "column": 31 } },
      "48": { "start": { "line": 49, "column": 0 }, "end": { "line": 49, "column": 0 } },
      "49": { "start": { "line": 50, "column": 0 }, "end": { "line": 50, "column": 56 } },
      "50": { "start": { "line": 51, "column": 0 }, "end": { "line": 51, "column": 0 } },
      "51": { "start": { "line": 52, "column": 0 }, "end": { "line": 52, "column": 56 } },
      "52": { "start": { "line": 53, "column": 0 }, "end": { "line": 53, "column": 84 } },
      "53": { "start": { "line": 54, "column": 0 }, "end": { "line": 54, "column": 0 } },
      "54": { "start": { "line": 55, "column": 0 }, "end": { "line": 55, "column": 55 } },
      "55": { "start": { "line": 56, "column": 0 }, "end": { "line": 56, "column": 25 } },
      "56": { "start": { "line": 57, "column": 0 }, "end": { "line": 57, "column": 3 } },
      "57": { "start": { "line": 58, "column": 0 }, "end": { "line": 58, "column": 0 } },
      "58": { "start": { "line": 59, "column": 0 }, "end": { "line": 59, "column": 11 } },
      "59": { "start": { "line": 60, "column": 0 }, "end": { "line": 60, "column": 1 } }
    },
    "s": {
      "0": 5,
      "1": 5,
      "2": 1,
      "3": 1,
      "4": 1,
      "5": 5,
      "6": 1,
      "7": 5,
      "8": 5,
      "9": 1,
      "10": 3,
      "11": 3,
      "12": 1,
      "13": 1,
      "14": 1,
      "15": 1,
      "16": 0,
      "17": 0,
      "18": 3,
      "19": 1,
      "20": 4,
      "21": 4,
      "22": 3,
      "23": 3,
      "24": 4,
      "25": 4,
      "26": 1,
      "27": 4,
      "28": 4,
      "29": 1,
      "30": 1,
      "31": 1,
      "32": 1,
      "33": 1,
      "34": 1,
      "35": 1,
      "36": 1,
      "37": 1,
      "38": 1,
      "39": 5,
      "40": 5,
      "41": 5,
      "42": 5,
      "43": 5,
      "44": 5,
      "45": 5,
      "46": 5,
      "47": 5,
      "48": 4,
      "49": 4,
      "50": 2,
      "51": 5,
      "52": 5,
      "53": 5,
      "54": 5,
      "55": 1,
      "56": 1,
      "57": 1,
      "58": 1,
      "59": 1
    },
    "branchMap": {
      "0": {
        "type": "branch",
        "line": 1,
        "loc": { "start": { "line": 1, "column": 0 }, "end": { "line": 9, "column": 1 } },
        "locations": [{ "start": { "line": 1, "column": 0 }, "end": { "line": 9, "column": 1 } }]
      },
      "1": {
        "type": "branch",
        "line": 2,
        "loc": { "start": { "line": 2, "column": 14 }, "end": { "line": 2, "column": 23 } },
        "locations": [{ "start": { "line": 2, "column": 14 }, "end": { "line": 2, "column": 23 } }]
      },
      "2": {
        "type": "branch",
        "line": 2,
        "loc": { "start": { "line": 2, "column": 21 }, "end": { "line": 6, "column": 35 } },
        "locations": [{ "start": { "line": 2, "column": 21 }, "end": { "line": 6, "column": 35 } }]
      },
      "3": {
        "type": "branch",
        "line": 6,
        "loc": { "start": { "line": 6, "column": 35 }, "end": { "line": 8, "column": 45 } },
        "locations": [{ "start": { "line": 6, "column": 35 }, "end": { "line": 8, "column": 45 } }]
      },
      "4": {
        "type": "branch",
        "line": 6,
        "loc": { "start": { "line": 6, "column": 35 }, "end": { "line": 6, "column": 44 } },
        "locations": [{ "start": { "line": 6, "column": 35 }, "end": { "line": 6, "column": 44 } }]
      },
      "5": {
        "type": "branch",
        "line": 8,
        "loc": { "start": { "line": 8, "column": 28 }, "end": { "line": 8, "column": 45 } },
        "locations": [{ "start": { "line": 8, "column": 28 }, "end": { "line": 8, "column": 45 } }]
      },
      "6": {
        "type": "branch",
        "line": 8,
        "loc": { "start": { "line": 8, "column": 35 }, "end": { "line": 8, "column": 58 } },
        "locations": [{ "start": { "line": 8, "column": 35 }, "end": { "line": 8, "column": 58 } }]
      },
      "7": {
        "type": "branch",
        "line": 11,
        "loc": { "start": { "line": 11, "column": 0 }, "end": { "line": 19, "column": 1 } },
        "locations": [{ "start": { "line": 11, "column": 0 }, "end": { "line": 19, "column": 1 } }]
      },
      "8": {
        "type": "branch",
        "line": 12,
        "loc": { "start": { "line": 12, "column": 12 }, "end": { "line": 12, "column": 21 } },
        "locations": [
          { "start": { "line": 12, "column": 12 }, "end": { "line": 12, "column": 21 } }
        ]
      },
      "9": {
        "type": "branch",
        "line": 12,
        "loc": { "start": { "line": 12, "column": 19 }, "end": { "line": 18, "column": 3 } },
        "locations": [{ "start": { "line": 12, "column": 19 }, "end": { "line": 18, "column": 3 } }]
      },
      "10": {
        "type": "branch",
        "line": 16,
        "loc": { "start": { "line": 16, "column": 4 }, "end": { "line": 18, "column": 3 } },
        "locations": [{ "start": { "line": 16, "column": 4 }, "end": { "line": 18, "column": 3 } }]
      },
      "11": {
        "type": "branch",
        "line": 21,
        "loc": { "start": { "line": 21, "column": 0 }, "end": { "line": 29, "column": 1 } },
        "locations": [{ "start": { "line": 21, "column": 0 }, "end": { "line": 29, "column": 1 } }]
      },
      "12": {
        "type": "branch",
        "line": 22,
        "loc": { "start": { "line": 22, "column": 6 }, "end": { "line": 22, "column": 28 } },
        "locations": [{ "start": { "line": 22, "column": 6 }, "end": { "line": 22, "column": 28 } }]
      },
      "13": {
        "type": "branch",
        "line": 22,
        "loc": { "start": { "line": 22, "column": 28 }, "end": { "line": 22, "column": 39 } },
        "locations": [
          { "start": { "line": 22, "column": 28 }, "end": { "line": 22, "column": 39 } }
        ]
      },
      "14": {
        "type": "branch",
        "line": 22,
        "loc": { "start": { "line": 22, "column": 35 }, "end": { "line": 24, "column": 47 } },
        "locations": [
          { "start": { "line": 22, "column": 35 }, "end": { "line": 24, "column": 47 } }
        ]
      },
      "15": {
        "type": "branch",
        "line": 24,
        "loc": { "start": { "line": 24, "column": 31 }, "end": { "line": 24, "column": 47 } },
        "locations": [
          { "start": { "line": 24, "column": 31 }, "end": { "line": 24, "column": 47 } }
        ]
      },
      "16": {
        "type": "branch",
        "line": 26,
        "loc": { "start": { "line": 26, "column": 17 }, "end": { "line": 28, "column": 65 } },
        "locations": [
          { "start": { "line": 26, "column": 17 }, "end": { "line": 28, "column": 65 } }
        ]
      },
      "17": {
        "type": "branch",
        "line": 26,
        "loc": { "start": { "line": 26, "column": 17 }, "end": { "line": 26, "column": 29 } },
        "locations": [
          { "start": { "line": 26, "column": 17 }, "end": { "line": 26, "column": 29 } }
        ]
      },
      "18": {
        "type": "branch",
        "line": 26,
        "loc": { "start": { "line": 26, "column": 24 }, "end": { "line": 28, "column": 65 } },
        "locations": [
          { "start": { "line": 26, "column": 24 }, "end": { "line": 28, "column": 65 } }
        ]
      },
      "19": {
        "type": "branch",
        "line": 28,
        "loc": { "start": { "line": 28, "column": 50 }, "end": { "line": 28, "column": 97 } },
        "locations": [
          { "start": { "line": 28, "column": 50 }, "end": { "line": 28, "column": 97 } }
        ]
      },
      "20": {
        "type": "branch",
        "line": 39,
        "loc": { "start": { "line": 39, "column": 7 }, "end": { "line": 60, "column": 1 } },
        "locations": [{ "start": { "line": 39, "column": 7 }, "end": { "line": 60, "column": 1 } }]
      },
      "21": {
        "type": "branch",
        "line": 48,
        "loc": { "start": { "line": 48, "column": 16 }, "end": { "line": 48, "column": 31 } },
        "locations": [
          { "start": { "line": 48, "column": 16 }, "end": { "line": 48, "column": 31 } }
        ]
      },
      "22": {
        "type": "branch",
        "line": 48,
        "loc": { "start": { "line": 48, "column": 23 }, "end": { "line": 52, "column": 43 } },
        "locations": [
          { "start": { "line": 48, "column": 23 }, "end": { "line": 52, "column": 43 } }
        ]
      },
      "23": {
        "type": "branch",
        "line": 50,
        "loc": { "start": { "line": 50, "column": 47 }, "end": { "line": 52, "column": 43 } },
        "locations": [
          { "start": { "line": 50, "column": 47 }, "end": { "line": 52, "column": 43 } }
        ]
      },
      "24": {
        "type": "branch",
        "line": 52,
        "loc": { "start": { "line": 52, "column": 50 }, "end": { "line": 52, "column": 56 } },
        "locations": [
          { "start": { "line": 52, "column": 50 }, "end": { "line": 52, "column": 56 } }
        ]
      },
      "25": {
        "type": "branch",
        "line": 53,
        "loc": { "start": { "line": 53, "column": 47 }, "end": { "line": 53, "column": 84 } },
        "locations": [
          { "start": { "line": 53, "column": 47 }, "end": { "line": 53, "column": 84 } }
        ]
      },
      "26": {
        "type": "branch",
        "line": 55,
        "loc": { "start": { "line": 55, "column": 24 }, "end": { "line": 55, "column": 54 } },
        "locations": [
          { "start": { "line": 55, "column": 24 }, "end": { "line": 55, "column": 54 } }
        ]
      },
      "27": {
        "type": "branch",
        "line": 55,
        "loc": { "start": { "line": 55, "column": 54 }, "end": { "line": 60, "column": 1 } },
        "locations": [{ "start": { "line": 55, "column": 54 }, "end": { "line": 60, "column": 1 } }]
      }
    },
    "b": {
      "0": [5],
      "1": [4],
      "2": [1],
      "3": [1],
      "4": [0],
      "5": [0],
      "6": [1],
      "7": [3],
      "8": [2],
      "9": [1],
      "10": [0],
      "11": [4],
      "12": [1],
      "13": [1],
      "14": [3],
      "15": [1],
      "16": [3],
      "17": [2],
      "18": [1],
      "19": [1],
      "20": [5],
      "21": [1],
      "22": [4],
      "23": [2],
      "24": [0],
      "25": [2],
      "26": [2],
      "27": [1]
    },
    "fnMap": {
      "0": {
        "name": "normalizeBasePath",
        "decl": { "start": { "line": 1, "column": 0 }, "end": { "line": 9, "column": 1 } },
        "loc": { "start": { "line": 1, "column": 0 }, "end": { "line": 9, "column": 1 } },
        "line": 1
      },
      "1": {
        "name": "getHostname",
        "decl": { "start": { "line": 11, "column": 0 }, "end": { "line": 19, "column": 1 } },
        "loc": { "start": { "line": 11, "column": 0 }, "end": { "line": 19, "column": 1 } },
        "line": 11
      },
      "2": {
        "name": "usesCustomDomain",
        "decl": { "start": { "line": 21, "column": 0 }, "end": { "line": 29, "column": 1 } },
        "loc": { "start": { "line": 21, "column": 0 }, "end": { "line": 29, "column": 1 } },
        "line": 21
      },
      "3": {
        "name": "resolveBasePath",
        "decl": { "start": { "line": 39, "column": 7 }, "end": { "line": 60, "column": 1 } },
        "loc": { "start": { "line": 39, "column": 7 }, "end": { "line": 60, "column": 1 } },
        "line": 39
      }
    },
    "f": { "0": 5, "1": 3, "2": 4, "3": 5 }
  }
}
