TN:
SF:src/app/manifest.ts
FN:1,(empty-report)
FNF:1
FNH:0
FNDA:0,(empty-report)
DA:1,0
DA:2,0
DA:3,0
DA:4,0
DA:5,0
DA:6,0
DA:7,0
DA:8,0
DA:9,0
DA:10,0
DA:11,0
DA:12,0
DA:13,0
DA:14,0
DA:15,0
DA:16,0
DA:17,0
DA:18,0
DA:19,0
DA:20,0
DA:21,0
DA:22,0
DA:23,0
DA:24,0
DA:25,0
DA:26,0
DA:27,0
DA:28,0
LF:28
LH:0
BRDA:1,0,0,0
BRF:1
BRH:0
end_of_record
TN:
SF:src/app/page.tsx
FN:30,Home
FNF:1
FNH:1
FNDA:7,Home
DA:1,1
DA:2,1
DA:3,1
DA:4,1
DA:5,1
DA:6,1
DA:7,1
DA:8,1
DA:9,1
DA:10,1
DA:11,1
DA:12,1
DA:13,1
DA:14,1
DA:15,1
DA:16,1
DA:17,1
DA:18,1
DA:19,1
DA:20,1
DA:21,1
DA:22,1
DA:23,1
DA:24,1
DA:25,1
DA:26,1
DA:27,1
DA:28,1
DA:29,1
DA:30,1
DA:31,7
DA:32,7
DA:33,7
DA:34,7
DA:35,7
DA:36,7
DA:37,7
DA:38,7
DA:39,7
DA:40,7
DA:41,7
DA:42,1
DA:43,1
LF:43
LH:43
BRDA:30,0,0,7
BRF:1
BRH:1
end_of_record
TN:
SF:src/app/robots.ts
FN:1,(empty-report)
FNF:1
FNH:0
FNDA:0,(empty-report)
DA:1,0
DA:2,0
DA:3,0
DA:4,0
DA:5,0
DA:6,0
DA:7,0
DA:8,0
DA:9,0
DA:10,0
DA:11,0
DA:12,0
DA:13,0
DA:14,0
DA:15,0
LF:15
LH:0
BRDA:1,0,0,0
BRF:1
BRH:0
end_of_record
TN:
SF:src/app/sitemap.ts
FN:1,(empty-report)
FNF:1
FNH:0
FNDA:0,(empty-report)
DA:1,0
DA:2,0
DA:3,0
DA:4,0
DA:5,0
DA:6,0
DA:7,0
DA:8,0
DA:9,0
DA:10,0
DA:11,0
DA:12,0
DA:13,0
DA:14,0
DA:15,0
DA:16,0
DA:17,0
DA:18,0
DA:19,0
DA:20,0
DA:21,0
DA:22,0
DA:23,0
DA:24,0
DA:25,0
DA:26,0
DA:27,0
DA:28,0
DA:29,0
DA:30,0
DA:31,0
DA:32,0
DA:33,0
DA:34,0
DA:35,0
DA:36,0
DA:37,0
DA:38,0
DA:39,0
DA:40,0
DA:41,0
DA:42,0
DA:43,0
LF:43
LH:0
BRDA:1,0,0,0
BRF:1
BRH:0
end_of_record
TN:
SF:src/app/about/page.tsx
FN:30,AboutPage
FNF:1
FNH:1
FNDA:5,AboutPage
DA:1,1
DA:2,1
DA:3,1
DA:4,1
DA:5,1
DA:6,1
DA:7,1
DA:8,1
DA:9,1
DA:10,1
DA:11,1
DA:12,1
DA:13,1
DA:14,1
DA:15,1
DA:16,1
DA:17,1
DA:18,1
DA:19,1
DA:20,1
DA:21,1
DA:22,1
DA:23,1
DA:24,1
DA:25,1
DA:26,1
DA:27,1
DA:28,1
DA:29,1
DA:30,1
DA:31,5
DA:32,5
DA:33,5
DA:34,5
DA:35,5
DA:36,5
DA:37,5
DA:38,5
DA:39,5
DA:40,5
DA:41,5
DA:42,5
DA:43,5
DA:44,5
DA:45,5
DA:46,5
DA:47,5
DA:48,5
DA:49,5
DA:50,5
DA:51,5
DA:52,5
DA:53,5
DA:54,5
DA:55,5
DA:56,5
DA:57,5
DA:58,5
DA:59,5
DA:60,5
DA:61,5
DA:62,5
DA:63,5
DA:64,5
DA:65,5
DA:66,5
DA:67,5
DA:68,5
DA:69,5
DA:70,5
DA:71,5
DA:72,5
DA:73,1
DA:74,1
LF:74
LH:74
BRDA:30,0,0,5
BRF:1
BRH:1
end_of_record
TN:
SF:src/app/articles/page.tsx
FN:28,ArticlesPage
FNF:1
FNH:1
FNDA:5,ArticlesPage
DA:1,1
DA:2,1
DA:3,1
DA:4,1
DA:5,1
DA:6,1
DA:7,1
DA:8,1
DA:9,1
DA:10,1
DA:11,1
DA:12,1
DA:13,1
DA:14,1
DA:15,1
DA:16,1
DA:17,1
DA:18,1
DA:19,1
DA:20,1
DA:21,1
DA:22,1
DA:23,1
DA:24,1
DA:25,1
DA:26,1
DA:27,1
DA:28,1
DA:29,5
DA:30,5
DA:31,5
DA:32,5
DA:33,5
DA:34,5
DA:35,5
DA:36,5
DA:37,5
DA:38,5
DA:39,5
DA:40,5
DA:41,5
DA:42,5
DA:43,5
DA:44,5
DA:45,5
DA:46,5
DA:47,5
DA:48,1
DA:49,1
LF:49
LH:49
BRDA:28,0,0,5
BRDA:41,1,0,4
BRF:2
BRH:2
end_of_record
TN:
SF:src/app/articles/[slug]/error.tsx
FN:1,(empty-report)
FNF:1
FNH:0
FNDA:0,(empty-report)
DA:1,0
DA:2,0
DA:3,0
DA:4,0
DA:5,0
DA:6,0
DA:7,0
DA:8,0
DA:9,0
DA:10,0
DA:11,0
DA:12,0
DA:13,0
DA:14,0
DA:15,0
DA:16,0
DA:17,0
DA:18,0
DA:19,0
DA:20,0
DA:21,0
DA:22,0
DA:23,0
DA:24,0
DA:25,0
DA:26,0
DA:27,0
DA:28,0
DA:29,0
DA:30,0
DA:31,0
DA:32,0
DA:33,0
DA:34,0
DA:35,0
DA:36,0
DA:37,0
DA:38,0
DA:39,0
DA:40,0
DA:41,0
DA:42,0
LF:42
LH:0
BRDA:1,0,0,0
BRF:1
BRH:0
end_of_record
TN:
SF:src/app/articles/[slug]/page.tsx
FN:12,generateStaticParams
FN:16,generateMetadata
FN:49,ArticlePage
FNF:3
FNH:3
FNDA:1,generateStaticParams
FNDA:2,generateMetadata
FNDA:7,ArticlePage
DA:1,1
DA:2,1
DA:3,1
DA:4,1
DA:5,1
DA:6,1
DA:7,1
DA:8,1
DA:9,1
DA:10,1
DA:11,1
DA:12,1
DA:13,1
DA:14,1
DA:15,1
DA:16,1
DA:17,2
DA:18,2
DA:19,2
DA:20,1
DA:21,1
DA:22,1
DA:23,1
DA:24,1
DA:25,1
DA:26,1
DA:27,1
DA:28,1
DA:29,1
DA:30,1
DA:31,1
DA:32,1
DA:33,1
DA:34,1
DA:35,1
DA:36,1
DA:37,1
DA:38,1
DA:39,1
DA:40,1
DA:41,1
DA:42,1
DA:43,1
DA:44,1
DA:45,1
DA:46,1
DA:47,1
DA:48,1
DA:49,1
DA:50,7
DA:51,7
DA:52,7
DA:53,7
DA:54,1
DA:55,1
DA:56,6
DA:57,6
DA:58,6
DA:59,6
DA:60,6
DA:61,6
DA:62,6
DA:63,6
DA:64,6
DA:65,6
DA:66,6
DA:67,6
DA:68,6
DA:69,6
DA:70,6
DA:71,6
DA:72,6
DA:73,6
DA:74,6
DA:75,6
DA:76,6
DA:77,6
DA:78,6
DA:79,6
DA:80,6
DA:81,6
DA:82,6
DA:83,6
DA:84,6
DA:85,6
DA:86,6
DA:87,6
DA:88,6
DA:89,6
DA:90,6
DA:91,6
DA:92,6
DA:93,6
DA:94,6
DA:95,1
DA:96,1
LF:96
LH:96
BRDA:12,0,0,1
BRDA:13,1,0,2
BRDA:16,2,0,2
BRDA:19,3,0,1
BRDA:49,4,0,7
BRDA:53,5,0,1
BRDA:55,6,0,6
BRDA:84,7,0,12
BRF:8
BRH:8
end_of_record
TN:
SF:src/app/work/page.tsx
FN:25,WorkPage
FNF:1
FNH:1
FNDA:6,WorkPage
DA:1,1
DA:2,1
DA:3,1
DA:4,1
DA:5,1
DA:6,1
DA:7,1
DA:8,1
DA:9,1
DA:10,1
DA:11,1
DA:12,1
DA:13,1
DA:14,1
DA:15,1
DA:16,1
DA:17,1
DA:18,1
DA:19,1
DA:20,1
DA:21,1
DA:22,1
DA:23,1
DA:24,1
DA:25,1
DA:26,6
DA:27,6
DA:28,6
DA:29,6
DA:30,6
DA:31,6
DA:32,6
DA:33,6
DA:34,6
DA:35,6
DA:36,6
DA:37,6
DA:38,6
DA:39,12
DA:40,12
DA:41,12
DA:42,12
DA:43,12
DA:44,12
DA:45,12
DA:46,12
DA:47,12
DA:48,12
DA:49,12
DA:50,12
DA:51,12
DA:52,12
DA:53,12
DA:54,12
DA:55,12
DA:56,12
DA:57,12
DA:58,12
DA:59,12
DA:60,12
DA:61,12
DA:62,12
DA:63,12
DA:64,12
DA:65,12
DA:66,12
DA:67,12
DA:68,12
DA:69,12
DA:70,6
DA:71,6
DA:72,6
DA:73,6
DA:74,1
DA:75,1
LF:75
LH:75
BRDA:25,0,0,6
BRDA:38,1,0,12
BRDA:52,2,0,0
BRDA:53,3,0,0
BRDA:60,4,0,48
BRF:5
BRH:3
end_of_record
TN:
SF:src/components/article-card/index.tsx
FN:11,ArticleCard
FNF:1
FNH:1
FNDA:8,ArticleCard
DA:1,1
DA:2,1
DA:3,1
DA:4,1
DA:5,1
DA:6,1
DA:7,1
DA:8,1
DA:9,1
DA:10,1
DA:11,1
DA:12,8
DA:13,8
DA:14,8
DA:15,8
DA:16,8
DA:17,8
DA:18,8
DA:19,8
DA:20,8
DA:21,8
DA:22,8
DA:23,8
DA:24,8
DA:25,8
DA:26,8
DA:27,8
DA:28,8
DA:29,8
DA:30,8
DA:31,8
DA:32,8
DA:33,8
DA:34,8
DA:35,8
DA:36,8
DA:37,8
DA:38,8
DA:39,8
DA:40,8
DA:41,8
DA:42,8
DA:43,8
DA:44,8
DA:45,8
DA:46,8
DA:47,8
DA:48,8
DA:49,8
DA:50,8
DA:51,8
DA:52,8
DA:53,8
DA:54,8
DA:55,8
DA:56,8
DA:57,8
DA:58,8
DA:59,8
DA:60,8
DA:61,1
DA:62,1
LF:62
LH:62
BRDA:11,0,0,8
BRDA:44,1,0,14
BRF:2
BRH:2
end_of_record
TN:
SF:src/components/breadcrumbs/index.tsx
FNF:0
FNH:0
DA:1,1
DA:2,1
DA:3,1
DA:4,1
DA:5,1
DA:6,1
DA:7,1
DA:8,1
DA:9,1
DA:10,1
DA:11,1
DA:12,1
DA:13,1
DA:14,1
DA:15,1
DA:16,1
DA:17,11
DA:18,1
DA:19,1
DA:20,7
DA:21,7
DA:22,7
DA:23,7
DA:24,1
DA:25,1
DA:26,1
DA:27,1
DA:28,1
DA:29,1
DA:30,1
DA:31,1
DA:32,1
DA:33,1
DA:34,1
LF:34
LH:34
BRDA:16,0,0,11
BRDA:19,1,0,7
BRF:2
BRH:2
end_of_record
TN:
SF:src/components/certifications/index.tsx
FN:5,Certifications
FNF:1
FNH:1
FNDA:2,Certifications
DA:1,1
DA:2,1
DA:3,1
DA:4,1
DA:5,1
DA:6,2
DA:7,2
DA:8,2
DA:9,2
DA:10,2
DA:11,2
DA:12,2
DA:13,2
DA:14,2
DA:15,2
DA:16,2
DA:17,2
DA:18,2
DA:19,2
DA:20,2
DA:21,2
DA:22,2
DA:23,2
DA:24,2
DA:25,2
DA:26,2
DA:27,2
DA:28,2
DA:29,2
DA:30,2
DA:31,2
DA:32,2
DA:33,1
DA:34,1
LF:34
LH:34
BRDA:5,0,0,2
BRDA:15,1,0,6
BRF:2
BRH:2
end_of_record
TN:
SF:src/components/code-thinking/index.tsx
FN:15,CodeThinking
FN:81,onClick
FN:92,onClick
FNF:3
FNH:3
FNDA:14,CodeThinking
FNDA:1,onClick
FNDA:3,onClick
DA:1,1
DA:2,1
DA:3,1
DA:4,1
DA:5,1
DA:6,1
DA:7,1
DA:8,1
DA:9,1
DA:10,1
DA:11,1
DA:12,1
DA:13,1
DA:14,1
DA:15,1
DA:16,14
DA:17,14
DA:18,14
DA:19,14
DA:20,14
DA:21,14
DA:22,14
DA:23,14
DA:24,14
DA:25,14
DA:26,14
DA:27,14
DA:28,14
DA:29,14
DA:30,14
DA:31,14
DA:32,14
DA:33,14
DA:34,14
DA:35,14
DA:36,14
DA:37,14
DA:38,14
DA:39,14
DA:40,14
DA:41,14
DA:42,14
DA:43,14
DA:44,14
DA:45,14
DA:46,14
DA:47,14
DA:48,14
DA:49,14
DA:50,14
DA:51,14
DA:52,14
DA:53,14
DA:54,14
DA:55,14
DA:56,14
DA:57,14
DA:58,14
DA:59,14
DA:60,14
DA:61,14
DA:62,14
DA:63,14
DA:64,14
DA:65,14
DA:66,14
DA:67,14
DA:68,14
DA:69,14
DA:70,14
DA:71,14
DA:72,14
DA:73,14
DA:74,14
DA:75,14
DA:76,14
DA:77,14
DA:78,14
DA:79,14
DA:80,14
DA:81,14
DA:82,14
DA:83,14
DA:84,14
DA:85,14
DA:86,14
DA:87,14
DA:88,14
DA:89,14
DA:90,14
DA:91,14
DA:92,14
DA:93,14
DA:94,14
DA:95,14
DA:96,14
DA:97,14
DA:98,14
DA:99,14
DA:100,14
DA:101,14
DA:102,14
DA:103,1
DA:104,1
LF:104
LH:104
BRDA:15,0,0,14
BRDA:33,1,0,43
BRDA:62,2,0,43
BRDA:81,3,0,1
BRDA:81,4,0,1
BRDA:92,5,0,3
BRDA:92,6,0,3
BRF:7
BRH:7
end_of_record
TN:
SF:src/components/contact-section/index.tsx
FN:4,ContactSection
FNF:1
FNH:1
FNDA:4,ContactSection
DA:1,1
DA:2,1
DA:3,1
DA:4,1
DA:5,4
DA:6,4
DA:7,4
DA:8,4
DA:9,4
DA:10,4
DA:11,4
DA:12,4
DA:13,4
DA:14,4
DA:15,4
DA:16,4
DA:17,4
DA:18,4
DA:19,4
DA:20,4
DA:21,4
DA:22,4
DA:23,4
DA:24,4
DA:25,4
DA:26,4
DA:27,4
DA:28,4
DA:29,4
DA:30,4
DA:31,4
DA:32,4
DA:33,4
DA:34,4
DA:35,4
DA:36,4
DA:37,4
DA:38,4
DA:39,4
DA:40,4
DA:41,4
DA:42,4
DA:43,4
DA:44,4
DA:45,4
DA:46,4
DA:47,4
DA:48,4
DA:49,4
DA:50,4
DA:51,4
DA:52,4
DA:53,4
DA:54,4
DA:55,4
DA:56,4
DA:57,4
DA:58,4
DA:59,1
DA:60,1
LF:60
LH:60
BRDA:4,0,0,4
BRF:1
BRH:1
end_of_record
TN:
SF:src/components/example-component/index.tsx
FN:8,ExampleComponent
FNF:1
FNH:1
FNDA:1,ExampleComponent
DA:1,1
DA:2,1
DA:3,1
DA:4,1
DA:5,1
DA:6,1
DA:7,1
DA:8,1
DA:9,1
DA:10,1
DA:11,1
DA:12,1
DA:13,1
DA:14,1
DA:15,1
DA:16,1
DA:17,1
DA:18,1
DA:19,1
DA:20,1
DA:21,1
DA:22,1
DA:23,1
DA:24,1
DA:25,1
DA:26,1
DA:27,1
LF:27
LH:27
BRDA:8,0,0,1
BRF:1
BRH:1
end_of_record
TN:
SF:src/components/experience-timeline/index.tsx
FN:5,ExperienceTimeline
FNF:1
FNH:1
FNDA:6,ExperienceTimeline
DA:1,1
DA:2,1
DA:3,1
DA:4,1
DA:5,1
DA:6,6
DA:7,6
DA:8,6
DA:9,6
DA:10,6
DA:11,6
DA:12,6
DA:13,6
DA:14,6
DA:15,6
DA:16,6
DA:17,6
DA:18,6
DA:19,6
DA:20,6
DA:21,6
DA:22,6
DA:23,6
DA:24,6
DA:25,6
DA:26,6
DA:27,6
DA:28,6
DA:29,6
DA:30,6
DA:31,6
DA:32,6
DA:33,6
DA:34,6
DA:35,6
DA:36,6
DA:37,6
DA:38,6
DA:39,6
DA:40,1
DA:41,1
LF:41
LH:41
BRDA:5,0,0,6
BRDA:12,1,0,18
BRDA:27,2,0,78
BRF:3
BRH:3
end_of_record
TN:
SF:src/components/expertise-list/index.tsx
FN:6,ExpertiseList
FNF:1
FNH:1
FNDA:3,ExpertiseList
DA:1,1
DA:2,1
DA:3,1
DA:4,1
DA:5,1
DA:6,1
DA:7,3
DA:8,3
DA:9,3
DA:10,3
DA:11,3
DA:12,3
DA:13,3
DA:14,3
DA:15,3
DA:16,3
DA:17,3
DA:18,3
DA:19,3
DA:20,3
DA:21,3
DA:22,3
DA:23,3
DA:24,3
DA:25,3
DA:26,3
DA:27,3
DA:28,1
DA:29,1
LF:29
LH:29
BRDA:6,0,0,3
BRDA:14,1,0,12
BRF:2
BRH:2
end_of_record
TN:
SF:src/components/footer/index.tsx
FN:4,Footer
FNF:1
FNH:1
FNDA:3,Footer
DA:1,1
DA:2,1
DA:3,1
DA:4,1
DA:5,3
DA:6,3
DA:7,3
DA:8,3
DA:9,3
DA:10,3
DA:11,3
DA:12,3
DA:13,3
DA:14,3
DA:15,3
DA:16,3
DA:17,3
DA:18,3
DA:19,3
DA:20,3
DA:21,3
DA:22,1
DA:23,1
LF:23
LH:23
BRDA:4,0,0,3
BRF:1
BRH:1
end_of_record
TN:
SF:src/components/header/index.tsx
FN:15,Header
FN:45,getFocusable
FN:47,handleKeyDown
FN:113,onClick
FNF:4
FNH:4
FNDA:24,Header
FNDA:5,getFocusable
FNDA:1,handleKeyDown
FNDA:5,onClick
DA:1,1
DA:2,1
DA:3,1
DA:4,1
DA:5,1
DA:6,1
DA:7,1
DA:8,1
DA:9,1
DA:10,1
DA:11,1
DA:12,1
DA:13,1
DA:14,1
DA:15,1
DA:16,24
DA:17,24
DA:18,24
DA:19,24
DA:20,24
DA:21,24
DA:22,24
DA:23,24
DA:24,24
DA:25,11
DA:26,24
DA:27,24
DA:28,24
DA:29,24
DA:30,19
DA:31,19
DA:32,19
DA:33,19
DA:34,24
DA:35,24
DA:36,24
DA:37,24
DA:38,19
DA:39,5
DA:40,5
DA:41,19
DA:42,5
DA:43,5
DA:44,5
DA:45,5
DA:46,5
DA:47,5
DA:48,1
DA:49,1
DA:50,1
DA:51,1
DA:52,1
DA:53,0
DA:54,0
DA:55,0
DA:56,0
DA:57,0
DA:58,0
DA:59,0
DA:60,0
DA:61,0
DA:62,0
DA:63,0
DA:64,0
DA:65,0
DA:66,0
DA:67,0
DA:68,0
DA:69,0
DA:70,1
DA:71,5
DA:72,5
DA:73,5
DA:74,19
DA:75,19
DA:76,24
DA:77,24
DA:78,24
DA:79,24
DA:80,24
DA:81,24
DA:82,24
DA:83,24
DA:84,24
DA:85,24
DA:86,24
DA:87,24
DA:88,24
DA:89,24
DA:90,24
DA:91,24
DA:92,24
DA:93,24
DA:94,24
DA:95,24
DA:96,24
DA:97,24
DA:98,24
DA:99,24
DA:100,72
DA:101,24
DA:102,24
DA:103,24
DA:104,24
DA:105,24
DA:106,24
DA:107,24
DA:108,24
DA:109,24
DA:110,24
DA:111,24
DA:112,24
DA:113,24
DA:114,24
DA:115,24
DA:116,24
DA:117,24
DA:118,24
DA:119,24
DA:120,24
DA:121,24
DA:122,24
DA:123,24
DA:124,24
DA:125,24
DA:126,24
DA:127,24
DA:128,24
DA:129,24
DA:130,24
DA:131,24
DA:132,24
DA:133,24
DA:134,24
DA:135,24
DA:136,24
DA:137,24
DA:138,24
DA:139,24
DA:140,24
DA:141,24
DA:142,24
DA:143,24
DA:144,24
DA:145,24
DA:146,24
DA:147,24
DA:148,24
DA:149,24
DA:150,24
DA:151,72
DA:152,72
DA:153,24
DA:154,24
DA:155,24
DA:156,24
DA:157,24
DA:158,24
DA:159,24
DA:160,24
DA:161,24
DA:162,24
DA:163,24
DA:164,24
DA:165,24
DA:166,24
DA:167,24
DA:168,24
DA:169,24
DA:170,24
DA:171,24
DA:172,24
DA:173,24
DA:174,24
DA:175,24
DA:176,24
DA:177,24
DA:178,24
DA:179,1
DA:180,1
LF:180
LH:163
BRDA:15,0,0,24
BRDA:112,1,0,10
BRDA:112,2,0,14
BRDA:116,3,0,10
BRDA:116,4,0,14
BRDA:129,5,0,10
BRDA:129,6,0,14
BRDA:21,7,0,14
BRDA:24,8,0,11
BRDA:29,9,0,19
BRDA:30,10,0,5
BRDA:30,11,0,14
BRDA:31,12,0,19
BRDA:37,13,0,19
BRDA:38,14,0,14
BRDA:38,15,0,5
BRDA:41,16,0,0
BRDA:41,17,0,5
BRDA:45,18,0,5
BRDA:47,19,0,1
BRDA:52,20,0,0
BRDA:75,21,0,5
BRDA:99,22,0,72
BRDA:101,23,0,1
BRDA:101,24,0,71
BRDA:113,25,0,5
BRDA:113,26,0,5
BRDA:150,27,0,72
BRDA:158,28,0,1
BRDA:158,29,0,71
BRF:30
BRH:28
end_of_record
TN:
SF:src/components/hero/index.tsx
FN:5,Hero
FNF:1
FNH:1
FNDA:4,Hero
DA:1,1
DA:2,1
DA:3,1
DA:4,1
DA:5,1
DA:6,4
DA:7,4
DA:8,4
DA:9,4
DA:10,4
DA:11,4
DA:12,4
DA:13,4
DA:14,4
DA:15,4
DA:16,4
DA:17,4
DA:18,4
DA:19,4
DA:20,4
DA:21,4
DA:22,4
DA:23,4
DA:24,4
DA:25,4
DA:26,1
DA:27,1
LF:27
LH:27
BRDA:5,0,0,4
BRF:1
BRH:1
end_of_record
TN:
SF:src/components/hero-terminal/index.tsx
FN:22,HeroTerminal
FNF:1
FNH:1
FNDA:422,HeroTerminal
DA:1,1
DA:2,1
DA:3,1
DA:4,1
DA:5,1
DA:6,1
DA:7,1
DA:8,1
DA:9,1
DA:10,1
DA:11,1
DA:12,1
DA:13,1
DA:14,1
DA:15,1
DA:16,1
DA:17,1
DA:18,1
DA:19,1
DA:20,1
DA:21,1
DA:22,1
DA:23,422
DA:24,422
DA:25,422
DA:26,422
DA:27,422
DA:28,422
DA:29,420
DA:30,420
DA:31,420
DA:32,422
DA:33,404
DA:34,400
DA:35,404
DA:36,404
DA:37,404
DA:38,16
DA:39,16
DA:40,16
DA:41,16
DA:42,16
DA:43,16
DA:44,16
DA:45,422
DA:46,422
DA:47,422
DA:48,422
DA:49,422
DA:50,422
DA:51,422
DA:52,422
DA:53,422
DA:54,422
DA:55,422
DA:56,422
DA:57,422
DA:58,422
DA:59,422
DA:60,422
DA:61,422
DA:62,422
DA:63,422
DA:64,422
DA:65,422
DA:66,422
DA:67,422
DA:68,422
DA:69,422
DA:70,422
DA:71,422
DA:72,422
DA:73,422
DA:74,422
DA:75,422
DA:76,422
DA:77,422
DA:78,422
DA:79,422
DA:80,422
DA:81,422
DA:82,422
DA:83,422
DA:84,422
DA:85,422
DA:86,422
DA:87,422
DA:88,422
DA:89,422
DA:90,422
DA:91,422
DA:92,422
DA:93,422
DA:94,422
DA:95,422
DA:96,422
DA:97,422
DA:98,422
DA:99,422
DA:100,422
DA:101,422
DA:102,422
DA:103,422
DA:104,422
DA:105,422
DA:106,422
DA:107,422
DA:108,422
DA:109,422
DA:110,422
DA:111,422
DA:112,422
DA:113,422
DA:114,422
DA:115,422
DA:116,422
DA:117,422
DA:118,422
DA:119,422
DA:120,422
DA:121,422
DA:122,422
DA:123,422
DA:124,422
DA:125,422
DA:126,422
DA:127,422
DA:128,422
DA:129,422
DA:130,422
DA:131,422
DA:132,422
DA:133,422
DA:134,422
DA:135,1
DA:136,1
LF:136
LH:136
BRDA:22,0,0,422
BRDA:82,1,0,80
BRDA:82,2,0,340
BRDA:86,3,0,80
BRDA:86,4,0,340
BRDA:27,5,0,422
BRDA:28,6,0,2
BRDA:28,7,0,420
BRDA:32,8,0,404
BRDA:37,9,0,16
BRDA:33,10,0,400
BRDA:36,11,0,404
BRDA:39,12,0,16
BRDA:40,13,0,16
BRDA:41,14,0,16
BRDA:44,15,0,16
BRDA:68,16,0,1724
BRDA:70,17,0,864
BRDA:70,18,0,860
BRDA:73,19,0,864
BRDA:73,20,0,860
BRF:21
BRH:21
end_of_record
TN:
SF:src/components/main/index.tsx
FN:3,Main
FNF:1
FNH:1
FNDA:3,Main
DA:1,1
DA:2,1
DA:3,1
DA:4,3
DA:5,3
DA:6,3
DA:7,3
DA:8,3
DA:9,3
DA:10,1
DA:11,1
LF:11
LH:11
BRDA:3,0,0,3
BRF:1
BRH:1
end_of_record
TN:
SF:src/components/profile/index.tsx
FN:5,Profile
FNF:1
FNH:1
FNDA:6,Profile
DA:1,1
DA:2,1
DA:3,1
DA:4,1
DA:5,1
DA:6,6
DA:7,6
DA:8,6
DA:9,6
DA:10,6
DA:11,6
DA:12,6
DA:13,6
DA:14,6
DA:15,6
DA:16,6
DA:17,6
DA:18,6
DA:19,6
DA:20,6
DA:21,6
DA:22,6
DA:23,6
DA:24,6
DA:25,6
DA:26,6
DA:27,6
DA:28,6
DA:29,6
DA:30,6
DA:31,1
DA:32,1
LF:32
LH:32
BRDA:5,0,0,6
BRDA:6,1,0,1
BRDA:6,2,0,5
BRF:3
BRH:3
end_of_record
TN:
SF:src/components/project-card/index.tsx
FN:11,ProjectCard
FNF:1
FNH:1
FNDA:7,ProjectCard
DA:1,1
DA:2,1
DA:3,1
DA:4,1
DA:5,1
DA:6,1
DA:7,1
DA:8,1
DA:9,1
DA:10,1
DA:11,1
DA:12,7
DA:13,7
DA:14,7
DA:15,7
DA:16,7
DA:17,7
DA:18,7
DA:19,7
DA:20,7
DA:21,7
DA:22,7
DA:23,7
DA:24,7
DA:25,7
DA:26,7
DA:27,7
DA:28,7
DA:29,7
DA:30,7
DA:31,7
DA:32,7
DA:33,7
DA:34,7
DA:35,7
DA:36,7
DA:37,7
DA:38,7
DA:39,7
DA:40,7
DA:41,7
DA:42,7
DA:43,7
DA:44,7
DA:45,7
DA:46,7
DA:47,7
DA:48,7
DA:49,7
DA:50,1
DA:51,1
LF:51
LH:51
BRDA:11,0,0,7
BRDA:36,1,0,14
BRF:2
BRH:2
end_of_record
TN:
SF:src/components/selected-work/index.tsx
FN:6,SelectedWork
FNF:1
FNH:1
FNDA:4,SelectedWork
DA:1,1
DA:2,1
DA:3,1
DA:4,1
DA:5,1
DA:6,1
DA:7,4
DA:8,4
DA:9,4
DA:10,4
DA:11,4
DA:12,4
DA:13,4
DA:14,4
DA:15,4
DA:16,4
DA:17,4
DA:18,4
DA:19,4
DA:20,4
DA:21,4
DA:22,4
DA:23,4
DA:24,4
DA:25,4
DA:26,4
DA:27,1
DA:28,1
LF:28
LH:28
BRDA:6,0,0,4
BRDA:20,1,0,8
BRF:2
BRH:2
end_of_record
TN:
SF:src/components/skills-grid/index.tsx
FN:5,SkillsGrid
FNF:1
FNH:1
FNDA:3,SkillsGrid
DA:1,1
DA:2,1
DA:3,1
DA:4,1
DA:5,1
DA:6,3
DA:7,3
DA:8,3
DA:9,3
DA:10,3
DA:11,3
DA:12,3
DA:13,3
DA:14,3
DA:15,3
DA:16,3
DA:17,3
DA:18,3
DA:19,3
DA:20,3
DA:21,3
DA:22,3
DA:23,3
DA:24,3
DA:25,3
DA:26,3
DA:27,3
DA:28,1
DA:29,1
LF:29
LH:29
BRDA:5,0,0,3
BRDA:12,1,0,12
BRDA:16,2,0,57
BRF:3
BRH:3
end_of_record
TN:
SF:src/data/certifications.ts
FNF:0
FNH:0
DA:1,1
DA:2,1
DA:3,1
DA:4,1
DA:5,1
DA:6,1
DA:7,1
DA:8,1
DA:9,1
DA:10,1
DA:11,1
DA:12,1
DA:13,1
DA:14,1
DA:15,1
DA:16,1
DA:17,1
DA:18,1
DA:19,1
DA:20,1
DA:21,1
DA:22,1
DA:23,1
LF:23
LH:23
BRF:0
BRH:0
end_of_record
TN:
SF:src/data/experience.ts
FN:60,formatDateRange
FN:61,fmt
FNF:2
FNH:2
FNDA:23,formatDateRange
FNDA:37,fmt
DA:1,1
DA:2,1
DA:3,1
DA:4,1
DA:5,1
DA:6,1
DA:7,1
DA:8,1
DA:9,1
DA:10,1
DA:11,1
DA:12,1
DA:13,1
DA:14,1
DA:15,1
DA:16,1
DA:17,1
DA:18,1
DA:19,1
DA:20,1
DA:21,1
DA:22,1
DA:23,1
DA:24,1
DA:25,1
DA:26,1
DA:27,1
DA:28,1
DA:29,1
DA:30,1
DA:31,1
DA:32,1
DA:33,1
DA:34,1
DA:35,1
DA:36,1
DA:37,1
DA:38,1
DA:39,1
DA:40,1
DA:41,1
DA:42,1
DA:43,1
DA:44,1
DA:45,1
DA:46,1
DA:47,1
DA:48,1
DA:49,1
DA:50,1
DA:51,1
DA:52,1
DA:53,1
DA:54,1
DA:55,1
DA:56,1
DA:57,1
DA:58,1
DA:59,1
DA:60,1
DA:61,23
DA:62,37
DA:63,37
DA:64,37
DA:65,37
DA:66,37
DA:67,37
DA:68,23
DA:69,23
LF:69
LH:69
BRDA:60,0,0,23
BRDA:68,1,0,9
BRDA:68,2,0,14
BRDA:61,3,0,37
BRF:4
BRH:4
end_of_record
TN:
SF:src/data/projects.ts
FNF:0
FNH:0
DA:1,1
DA:2,1
DA:3,1
DA:4,1
DA:5,1
DA:6,1
DA:7,1
DA:8,1
DA:9,1
DA:10,1
DA:11,1
DA:12,1
DA:13,1
DA:14,1
DA:15,1
DA:16,1
DA:17,1
DA:18,1
DA:19,1
DA:20,1
DA:21,1
DA:22,1
DA:23,1
DA:24,1
DA:25,1
DA:26,1
DA:27,1
DA:28,1
DA:29,1
DA:30,1
LF:30
LH:30
BRF:0
BRH:0
end_of_record
TN:
SF:src/data/skills.ts
FNF:0
FNH:0
DA:1,1
DA:2,1
DA:3,1
DA:4,1
DA:5,1
DA:6,1
DA:7,1
DA:8,1
DA:9,1
DA:10,1
DA:11,1
DA:12,1
DA:13,1
DA:14,1
DA:15,1
DA:16,1
DA:17,1
DA:18,1
DA:19,1
DA:20,1
DA:21,1
DA:22,1
DA:23,1
LF:23
LH:23
BRF:0
BRH:0
end_of_record
TN:
SF:src/lib/articles.ts
FN:24,resolveArticleImage
FN:32,resolveArticleImageAlt
FN:43,renderMarkdown
FN:62,getArticleFiles
FN:69,parseArticleMeta
FN:93,getAllArticleMetas
FN:106,getArticleBySlug
FN:142,getFeaturedArticles
FNF:8
FNH:8
FNDA:28,resolveArticleImage
FNDA:28,resolveArticleImageAlt
FNDA:2,renderMarkdown
FNDA:10,getArticleFiles
FNDA:27,parseArticleMeta
FNDA:10,getAllArticleMetas
FNDA:4,getArticleBySlug
FNDA:5,getFeaturedArticles
DA:1,1
DA:2,1
DA:3,1
DA:4,1
DA:5,1
DA:6,1
DA:7,1
DA:8,1
DA:9,1
DA:10,1
DA:11,1
DA:12,1
DA:13,1
DA:14,1
DA:15,1
DA:16,1
DA:17,1
DA:18,1
DA:19,1
DA:20,1
DA:21,1
DA:22,1
DA:23,1
DA:24,28
DA:25,28
DA:26,28
DA:27,0
DA:28,0
DA:29,28
DA:30,28
DA:31,1
DA:32,28
DA:33,28
DA:34,28
DA:35,28
DA:36,28
DA:37,28
DA:38,0
DA:39,0
DA:40,28
DA:41,28
DA:42,1
DA:43,2
DA:44,2
DA:45,2
DA:46,2
DA:47,2
DA:48,2
DA:49,2
DA:50,2
DA:51,2
DA:52,2
DA:53,2
DA:54,2
DA:55,2
DA:56,2
DA:57,2
DA:58,2
DA:59,2
DA:60,2
DA:61,1
DA:62,10
DA:63,10
DA:64,10
DA:65,10
DA:66,10
DA:67,10
DA:68,1
DA:69,27
DA:70,27
DA:71,27
DA:72,27
DA:73,27
DA:74,27
DA:75,27
DA:76,27
DA:77,27
DA:78,27
DA:79,17
DA:80,9
DA:81,27
DA:82,27
DA:83,27
DA:84,27
DA:85,27
DA:86,27
DA:87,27
DA:88,27
DA:89,27
DA:90,27
DA:91,27
DA:92,1
DA:93,1
DA:94,10
DA:95,10
DA:96,27
DA:97,27
DA:98,27
DA:99,1
DA:100,1
DA:101,1
DA:102,27
DA:103,10
DA:104,10
DA:105,1
DA:106,1
DA:107,4
DA:108,4
DA:109,4
DA:110,4
DA:111,3
DA:112,3
DA:113,3
DA:114,3
DA:115,3
DA:116,2
DA:117,4
DA:118,4
DA:119,4
DA:120,4
DA:121,1
DA:122,1
DA:123,4
DA:124,4
DA:125,4
DA:126,4
DA:127,4
DA:128,4
DA:129,4
DA:130,4
DA:131,4
DA:132,4
DA:133,4
DA:134,4
DA:135,4
DA:136,4
DA:137,1
DA:138,1
DA:139,1
DA:140,4
DA:141,1
DA:142,1
DA:143,5
DA:144,5
LF:144
LH:140
BRDA:24,0,0,28
BRDA:26,1,0,0
BRDA:26,2,0,0
BRDA:32,3,0,28
BRDA:37,4,0,0
BRDA:37,5,0,0
BRDA:43,6,0,2
BRDA:44,7,0,2
BRDA:45,8,0,2
BRDA:46,9,0,2
BRDA:47,10,0,2
BRDA:48,11,0,2
BRDA:49,12,0,2
BRDA:62,13,0,10
BRDA:65,14,0,27
BRDA:66,15,0,18
BRDA:69,16,0,27
BRDA:75,17,0,26
BRDA:75,18,0,0
BRDA:76,19,0,26
BRDA:76,20,0,0
BRDA:77,21,0,26
BRDA:77,22,0,0
BRDA:78,23,0,17
BRDA:79,24,0,9
BRDA:79,25,0,17
BRDA:93,26,0,10
BRDA:95,27,0,27
BRDA:98,28,0,1
BRDA:103,29,0,17
BRDA:103,30,0,0
BRDA:106,31,0,4
BRDA:110,32,0,1
BRDA:110,33,0,3
BRDA:115,34,0,2
BRDA:117,35,0,0
BRDA:118,36,0,2
BRDA:118,37,0,0
BRDA:119,38,0,2
BRDA:119,39,0,0
BRDA:120,40,0,1
BRDA:121,41,0,1
BRDA:136,42,0,1
BRDA:121,43,0,1
BRDA:142,44,0,5
BRF:45
BRH:34
end_of_record
TN:
SF:src/lib/seo.ts
FN:11,toAbsoluteUrl
FNF:1
FNH:1
FNDA:2,toAbsoluteUrl
DA:1,1
DA:2,1
DA:3,1
DA:4,1
DA:5,1
DA:6,1
DA:7,1
DA:8,1
DA:9,1
DA:10,1
DA:11,1
DA:12,2
DA:13,2
LF:13
LH:13
BRDA:9,0,0,2
BRDA:11,1,0,2
BRF:2
BRH:2
end_of_record
TN:
SF:src/lib/site-config.ts
FN:1,normalizeBasePath
FN:11,getHostname
FN:21,usesCustomDomain
FN:39,resolveBasePath
FNF:4
FNH:4
FNDA:5,normalizeBasePath
FNDA:3,getHostname
FNDA:4,usesCustomDomain
FNDA:5,resolveBasePath
DA:1,5
DA:2,5
DA:3,1
DA:4,1
DA:5,1
DA:6,5
DA:7,1
DA:8,5
DA:9,5
DA:10,1
DA:11,3
DA:12,3
DA:13,1
DA:14,1
DA:15,1
DA:16,1
DA:17,0
DA:18,0
DA:19,3
DA:20,1
DA:21,4
DA:22,4
DA:23,3
DA:24,3
DA:25,4
DA:26,4
DA:27,1
DA:28,4
DA:29,4
DA:30,1
DA:31,1
DA:32,1
DA:33,1
DA:34,1
DA:35,1
DA:36,1
DA:37,1
DA:38,1
DA:39,1
DA:40,5
DA:41,5
DA:42,5
DA:43,5
DA:44,5
DA:45,5
DA:46,5
DA:47,5
DA:48,5
DA:49,4
DA:50,4
DA:51,2
DA:52,5
DA:53,5
DA:54,5
DA:55,5
DA:56,1
DA:57,1
DA:58,1
DA:59,1
DA:60,1
LF:60
LH:58
BRDA:1,0,0,5
BRDA:2,1,0,4
BRDA:2,2,0,1
BRDA:6,3,0,1
BRDA:6,4,0,0
BRDA:8,5,0,0
BRDA:8,6,0,1
BRDA:11,7,0,3
BRDA:12,8,0,2
BRDA:12,9,0,1
BRDA:16,10,0,0
BRDA:21,11,0,4
BRDA:22,12,0,1
BRDA:22,13,0,1
BRDA:22,14,0,3
BRDA:24,15,0,1
BRDA:26,16,0,3
BRDA:26,17,0,2
BRDA:26,18,0,1
BRDA:28,19,0,1
BRDA:39,20,0,5
BRDA:48,21,0,1
BRDA:48,22,0,4
BRDA:50,23,0,2
BRDA:52,24,0,0
BRDA:53,25,0,2
BRDA:55,26,0,2
BRDA:55,27,0,1
BRF:28
BRH:24
end_of_record
